[23Aug2024 00:00:48.731] [Server thread/INFO] [net.minecraft.server.MinecraftServer/]: Nego_Plays has made the advancement [The Alloy That Started it All]
[23Aug2024 00:01:25.055] [Server thread/INFO] [net.minecraft.server.MinecraftServer/]: Nego_Plays has made the advancement [Tricking a Rock Into Thinking]
[23Aug2024 00:01:37.533] [Worker-Main-20/WARN] [lithostitched/]: Couldn't find template pool reference: ctov:village/bounty/plains
[23Aug2024 00:01:37.533] [Worker-Main-20/WARN] [lithostitched/]: Couldn't find template pool reference: ctov:village/vampirism/totem
[23Aug2024 00:01:37.538] [Worker-Main-20/WARN] [lithostitched/]: Couldn't find template pool reference: ctov:village/waystone/normal
[23Aug2024 00:02:05.655] [Server thread/INFO] [FTB Chunks/]: attempting to transfer 0 chunks from Lenom#260c8319 to Pracinha#5c1ae6b5
[23Aug2024 00:02:05.655] [Server thread/INFO] [FTB Chunks/]: Transferred 0 chunks from 260c8319-8f3c-31d3-a173-912ba80ef491 (Lenom#260c8319) to 5c1ae6b5-46f2-4cdb-b8ac-383dee4f94e6 (Pracinha#5c1ae6b5)
[23Aug2024 00:02:05.655] [Server thread/INFO] [FTB Chunks/]: Unclaimed 0 chunks for 260c8319-8f3c-31d3-a173-912ba80ef491 (Lenom#260c8319) due to claim limits
[23Aug2024 00:02:05.655] [Server thread/INFO] [FTB Chunks/]: Team Pracinha#5c1ae6b5 had 0 claimed chunks, now has 0
[23Aug2024 00:03:52.258] [Server thread/INFO] [net.minecraft.server.MinecraftServer/]: Nego_Plays has made the advancement [A Sturdy Mixture]
[23Aug2024 00:04:12.262] [Server thread/INFO] [net.minecraft.server.MinecraftServer/]: Nego_Plays has made the advancement [Harder than Iron]
[23Aug2024 00:04:23.073] [Server thread/WARN] [net.minecraft.server.MinecraftServer/]: Can't keep up! Is the server overloaded? Running 2002ms or 40 ticks behind
[23Aug2024 00:09:26.203] [Server thread/INFO] [net.minecraft.server.MinecraftServer/]: Lenom has made the advancement [Acquire Hardware]
[23Aug2024 00:11:40.008] [Server thread/INFO] [net.minecraft.server.MinecraftServer/]: FelipeGuesser has made the advancement [Suit Up]
[23Aug2024 00:12:50.962] [Server thread/INFO] [net.minecraft.server.MinecraftServer/]: Lenom has made the advancement [Isn't It Iron Pick]
[23Aug2024 00:13:03.910] [Server thread/INFO] [net.minecraft.server.MinecraftServer/]: Lenom has made the advancement [Suit Up]
[23Aug2024 00:13:33.559] [Server thread/INFO] [net.minecraft.server.MinecraftServer/]: FelipeGuesser has made the advancement [Sweet Dreams]
[23Aug2024 00:13:39.804] [Server thread/INFO] [net.minecraft.server.MinecraftServer/]: Lenom has made the advancement [Sweet Dreams]
[23Aug2024 00:13:42.701] [Server thread/INFO] [net.minecraft.server.network.ServerGamePacketListenerImpl/]: Nego_Plays lost connection: Disconnected
[23Aug2024 00:13:42.701] [Server thread/INFO] [net.minecraft.server.MinecraftServer/]: Nego_Plays left the game
[23Aug2024 00:14:03.574] [Server thread/INFO] [net.minecraft.server.players.PlayerList/]: Nego_Plays[/45.237.81.207:38193] logged in with entity id 64108 at (-45.63082392105814, 64.0, -68.85582187205112)
[23Aug2024 00:14:03.589] [Server thread/INFO] [net.minecraft.server.MinecraftServer/]: Nego_Plays joined the game
[23Aug2024 00:15:28.160] [Server thread/INFO] [net.minecraft.server.MinecraftServer/]: FelipeGuesser has made the advancement [You Vandal!]
[23Aug2024 00:15:34.050] [Server thread/INFO] [net.minecraft.server.MinecraftServer/]: FelipeGuesser has made the advancement [Building up the Pressure!]
[23Aug2024 00:15:37.914] [Server thread/INFO] [net.minecraft.server.MinecraftServer/]: FelipeGuesser has made the advancement [Totally Tubular Transfer]
[23Aug2024 00:17:10.807] [Server thread/INFO] [net.minecraft.server.MinecraftServer/]: Lenom has made the advancement [You Vandal!]
[23Aug2024 00:17:14.709] [Server thread/INFO] [net.minecraft.server.MinecraftServer/]: Lenom has made the advancement [Building up the Pressure!]
[23Aug2024 00:17:14.755] [Server thread/INFO] [net.minecraft.server.MinecraftServer/]: Lenom has made the advancement [Totally Tubular Transfer]
[23Aug2024 00:17:26.462] [Server thread/INFO] [net.minecraft.server.MinecraftServer/]: FelipeGuesser has made the advancement [Hunt and Gather]
[23Aug2024 00:18:10.157] [Server thread/INFO] [net.minecraft.server.MinecraftServer/]: Nego_Plays has made the advancement [Infusing Efficiency]
[23Aug2024 00:19:47.745] [Server thread/INFO] [net.minecraft.world.entity.npc.Villager/]: Villager Villager['Unemployed'/56071, l='ServerLevel[world]', x=-388.07, y=63.00, z=-551.52] died, message: 'Unemployed hit the ground too hard'
[23Aug2024 00:20:36.759] [Server thread/INFO] [net.minecraft.server.MinecraftServer/]: Nego_Plays has made the advancement [The Perfect Foundation]
[23Aug2024 00:20:37.002] [Server thread/INFO] [net.minecraft.server.network.ServerGamePacketListenerImpl/]: FelipeGuesser lost connection: Disconnected
[23Aug2024 00:20:37.003] [Server thread/INFO] [net.minecraft.server.MinecraftServer/]: FelipeGuesser left the game
[23Aug2024 00:24:30.919] [Server thread/INFO] [net.minecraft.server.players.PlayerList/]: FelipeGuesser[/179.181.93.236:51670] logged in with entity id 67826 at (-317.64743521309, 68.9375, -462.57760906695245)
[23Aug2024 00:24:30.926] [Server thread/INFO] [net.minecraft.server.MinecraftServer/]: FelipeGuesser joined the game
[23Aug2024 00:35:29.541] [Server thread/INFO] [net.minecraft.server.MinecraftServer/]: Lenom has made the advancement [Voluntary Exile]
[23Aug2024 00:36:17.986] [Server thread/INFO] [net.minecraft.server.MinecraftServer/]: FelipeGuesser has made the advancement [Tiering It Up]
[23Aug2024 00:36:36.197] [Server thread/INFO] [net.minecraft.server.MinecraftServer/]: Lenom has made the advancement [Diamonds!]
[23Aug2024 00:36:50.049] [Server thread/INFO] [net.minecraft.server.MinecraftServer/]: FelipeGuesser has made the advancement [Better Than Villagers]
[23Aug2024 00:39:00.436] [Server thread/INFO] [net.minecraft.server.MinecraftServer/]: FelipeGuesser has made the advancement [A Seedy Place]
[23Aug2024 00:41:16.313] [Server thread/INFO] [net.minecraft.server.players.PlayerList/]: Nyjl69[/45.5.141.101:8266] logged in with entity id 72324 at (40.5, 91.0, -30.5)
[23Aug2024 00:41:16.318] [Server thread/INFO] [net.minecraft.server.MinecraftServer/]: Nyjl69 joined the game
[23Aug2024 00:43:17.745] [Server thread/INFO] [net.minecraft.server.MinecraftServer/]: Lenom has made the advancement [The Alloy That Started it All]
[23Aug2024 00:43:19.362] [Server thread/INFO] [net.minecraft.server.MinecraftServer/]: Lenom has made the advancement [Tricking a Rock Into Thinking]
[23Aug2024 00:44:42.602] [Server thread/INFO] [net.minecraft.server.MinecraftServer/]: Lenom has made the advancement [Infusing Efficiency]
[23Aug2024 00:46:17.738] [Server thread/INFO] [net.minecraft.server.MinecraftServer/]: Nego_Plays has made the advancement [Totally Tubular Transfer]
[23Aug2024 00:50:16.242] [Server thread/INFO] [net.minecraft.server.MinecraftServer/]: FelipeGuesser has made the advancement [The Alloy That Started it All]
[23Aug2024 00:50:21.638] [Server thread/INFO] [net.minecraft.server.network.ServerGamePacketListenerImpl/]: Nyjl69 lost connection: Disconnected
[23Aug2024 00:50:21.638] [Server thread/INFO] [net.minecraft.server.MinecraftServer/]: Nyjl69 left the game
[23Aug2024 00:50:26.920] [Server thread/INFO] [net.minecraft.server.MinecraftServer/]: FelipeGuesser has made the advancement [Infusing Efficiency]
[23Aug2024 00:52:35.424] [Server thread/INFO] [net.minecraft.server.players.PlayerList/]: Nyjl69[/45.5.141.101:8311] logged in with entity id 75434 at (66.69999998807907, 61.52862385970533, -77.83177725502838)
[23Aug2024 00:52:35.429] [Server thread/INFO] [net.minecraft.server.MinecraftServer/]: Nyjl69 joined the game
[23Aug2024 00:54:07.642] [Server thread/ERROR] [net.minecraft.network.protocol.game.ServerPacketListener/]: Failed to handle packet net.minecraft.network.protocol.game.ServerboundUseItemOnPacket@33bfd44, suppressing error
java.lang.NullPointerException: Cannot invoke "net.minecraft.world.level.block.entity.BlockEntity.getBlockState()" because "te" is null
	at TRANSFORMER/ironfurnaces@4.2.5/ironfurnaces.items.upgrades.ItemUpgrade.useOn(ItemUpgrade.java:56) ~[ironfurnaces-neoforge-1.21-4.2.5.jar%23433!/:?]
	at TRANSFORMER/neoforge@21.1.22/net.neoforged.neoforge.common.CommonHooks.onPlaceItemIntoWorld(CommonHooks.java:613) ~[neoforge-21.1.22-universal.jar%23331!/:?]
	at TRANSFORMER/minecraft@1.21.1/net.minecraft.world.item.ItemStack.useOn(ItemStack.java:360) ~[server-1.21.1-20240808.144430-srg.jar%23330!/:?]
	at TRANSFORMER/minecraft@1.21.1/net.minecraft.server.level.ServerPlayerGameMode.useItemOn(ServerPlayerGameMode.java:386) ~[server-1.21.1-20240808.144430-srg.jar%23330!/:?]
	at TRANSFORMER/minecraft@1.21.1/net.minecraft.server.network.ServerGamePacketListenerImpl.handleUseItemOn(ServerGamePacketListenerImpl.java:1122) ~[server-1.21.1-20240808.144430-srg.jar%23330!/:?]
	at TRANSFORMER/minecraft@1.21.1/net.minecraft.network.protocol.game.ServerboundUseItemOnPacket.handle(ServerboundUseItemOnPacket.java:42) ~[server-1.21.1-20240808.144430-srg.jar%23330!/:?]
	at TRANSFORMER/minecraft@1.21.1/net.minecraft.network.protocol.game.ServerboundUseItemOnPacket.handle(ServerboundUseItemOnPacket.java:10) ~[server-1.21.1-20240808.144430-srg.jar%23330!/:?]
	at TRANSFORMER/minecraft@1.21.1/net.minecraft.network.protocol.PacketUtils.lambda$ensureRunningOnSameThread$0(PacketUtils.java:27) ~[server-1.21.1-20240808.144430-srg.jar%23330!/:?]
	at TRANSFORMER/minecraft@1.21.1/net.minecraft.server.TickTask.run(TickTask.java:18) ~[server-1.21.1-20240808.144430-srg.jar%23330!/:?]
	at TRANSFORMER/minecraft@1.21.1/net.minecraft.util.thread.BlockableEventLoop.doRunTask(BlockableEventLoop.java:148) ~[server-1.21.1-20240808.144430-srg.jar%23330!/:?]
	at TRANSFORMER/minecraft@1.21.1/net.minecraft.util.thread.ReentrantBlockableEventLoop.doRunTask(ReentrantBlockableEventLoop.java:23) ~[server-1.21.1-20240808.144430-srg.jar%23330!/:?]
	at TRANSFORMER/minecraft@1.21.1/net.minecraft.server.MinecraftServer.doRunTask(MinecraftServer.java:872) ~[server-1.21.1-20240808.144430-srg.jar%23330!/:?]
	at TRANSFORMER/minecraft@1.21.1/net.minecraft.server.MinecraftServer.doRunTask(MinecraftServer.java:170) ~[server-1.21.1-20240808.144430-srg.jar%23330!/:?]
	at TRANSFORMER/minecraft@1.21.1/net.minecraft.util.thread.BlockableEventLoop.pollTask(BlockableEventLoop.java:122) ~[server-1.21.1-20240808.144430-srg.jar%23330!/:?]
	at TRANSFORMER/minecraft@1.21.1/net.minecraft.server.MinecraftServer.pollTaskInternal(MinecraftServer.java:855) ~[server-1.21.1-20240808.144430-srg.jar%23330!/:?]
	at TRANSFORMER/minecraft@1.21.1/net.minecraft.server.MinecraftServer.pollTask(MinecraftServer.java:849) ~[server-1.21.1-20240808.144430-srg.jar%23330!/:?]
	at TRANSFORMER/minecraft@1.21.1/net.minecraft.util.thread.BlockableEventLoop.runAllTasks(BlockableEventLoop.java:111) ~[server-1.21.1-20240808.144430-srg.jar%23330!/:?]
	at TRANSFORMER/minecraft@1.21.1/net.minecraft.server.MinecraftServer.waitUntilNextTick(MinecraftServer.java:825) ~[server-1.21.1-20240808.144430-srg.jar%23330!/:?]
	at TRANSFORMER/minecraft@1.21.1/net.minecraft.server.MinecraftServer.runServer(MinecraftServer.java:712) ~[server-1.21.1-20240808.144430-srg.jar%23330!/:?]
	at TRANSFORMER/minecraft@1.21.1/net.minecraft.server.MinecraftServer.lambda$spin$2(MinecraftServer.java:267) ~[server-1.21.1-20240808.144430-srg.jar%23330!/:?]
	at java.base/java.lang.Thread.run(Thread.java:1583) [?:?]
[23Aug2024 00:54:07.891] [Server thread/ERROR] [net.minecraft.network.protocol.game.ServerPacketListener/]: Failed to handle packet net.minecraft.network.protocol.game.ServerboundUseItemOnPacket@18ee5b84, suppressing error
java.lang.NullPointerException: Cannot invoke "net.minecraft.world.level.block.entity.BlockEntity.getBlockState()" because "te" is null
	at TRANSFORMER/ironfurnaces@4.2.5/ironfurnaces.items.upgrades.ItemUpgrade.useOn(ItemUpgrade.java:56) ~[ironfurnaces-neoforge-1.21-4.2.5.jar%23433!/:?]
	at TRANSFORMER/neoforge@21.1.22/net.neoforged.neoforge.common.CommonHooks.onPlaceItemIntoWorld(CommonHooks.java:613) ~[neoforge-21.1.22-universal.jar%23331!/:?]
	at TRANSFORMER/minecraft@1.21.1/net.minecraft.world.item.ItemStack.useOn(ItemStack.java:360) ~[server-1.21.1-20240808.144430-srg.jar%23330!/:?]
	at TRANSFORMER/minecraft@1.21.1/net.minecraft.server.level.ServerPlayerGameMode.useItemOn(ServerPlayerGameMode.java:386) ~[server-1.21.1-20240808.144430-srg.jar%23330!/:?]
	at TRANSFORMER/minecraft@1.21.1/net.minecraft.server.network.ServerGamePacketListenerImpl.handleUseItemOn(ServerGamePacketListenerImpl.java:1122) ~[server-1.21.1-20240808.144430-srg.jar%23330!/:?]
	at TRANSFORMER/minecraft@1.21.1/net.minecraft.network.protocol.game.ServerboundUseItemOnPacket.handle(ServerboundUseItemOnPacket.java:42) ~[server-1.21.1-20240808.144430-srg.jar%23330!/:?]
	at TRANSFORMER/minecraft@1.21.1/net.minecraft.network.protocol.game.ServerboundUseItemOnPacket.handle(ServerboundUseItemOnPacket.java:10) ~[server-1.21.1-20240808.144430-srg.jar%23330!/:?]
	at TRANSFORMER/minecraft@1.21.1/net.minecraft.network.protocol.PacketUtils.lambda$ensureRunningOnSameThread$0(PacketUtils.java:27) ~[server-1.21.1-20240808.144430-srg.jar%23330!/:?]
	at TRANSFORMER/minecraft@1.21.1/net.minecraft.server.TickTask.run(TickTask.java:18) ~[server-1.21.1-20240808.144430-srg.jar%23330!/:?]
	at TRANSFORMER/minecraft@1.21.1/net.minecraft.util.thread.BlockableEventLoop.doRunTask(BlockableEventLoop.java:148) ~[server-1.21.1-20240808.144430-srg.jar%23330!/:?]
	at TRANSFORMER/minecraft@1.21.1/net.minecraft.util.thread.ReentrantBlockableEventLoop.doRunTask(ReentrantBlockableEventLoop.java:23) ~[server-1.21.1-20240808.144430-srg.jar%23330!/:?]
	at TRANSFORMER/minecraft@1.21.1/net.minecraft.server.MinecraftServer.doRunTask(MinecraftServer.java:872) ~[server-1.21.1-20240808.144430-srg.jar%23330!/:?]
	at TRANSFORMER/minecraft@1.21.1/net.minecraft.server.MinecraftServer.doRunTask(MinecraftServer.java:170) ~[server-1.21.1-20240808.144430-srg.jar%23330!/:?]
	at TRANSFORMER/minecraft@1.21.1/net.minecraft.util.thread.BlockableEventLoop.pollTask(BlockableEventLoop.java:122) ~[server-1.21.1-20240808.144430-srg.jar%23330!/:?]
	at TRANSFORMER/minecraft@1.21.1/net.minecraft.server.MinecraftServer.pollTaskInternal(MinecraftServer.java:855) ~[server-1.21.1-20240808.144430-srg.jar%23330!/:?]
	at TRANSFORMER/minecraft@1.21.1/net.minecraft.server.MinecraftServer.pollTask(MinecraftServer.java:849) ~[server-1.21.1-20240808.144430-srg.jar%23330!/:?]
	at TRANSFORMER/minecraft@1.21.1/net.minecraft.util.thread.BlockableEventLoop.runAllTasks(BlockableEventLoop.java:111) ~[server-1.21.1-20240808.144430-srg.jar%23330!/:?]
	at TRANSFORMER/minecraft@1.21.1/net.minecraft.server.MinecraftServer.waitUntilNextTick(MinecraftServer.java:825) ~[server-1.21.1-20240808.144430-srg.jar%23330!/:?]
	at TRANSFORMER/minecraft@1.21.1/net.minecraft.server.MinecraftServer.runServer(MinecraftServer.java:712) ~[server-1.21.1-20240808.144430-srg.jar%23330!/:?]
	at TRANSFORMER/minecraft@1.21.1/net.minecraft.server.MinecraftServer.lambda$spin$2(MinecraftServer.java:267) ~[server-1.21.1-20240808.144430-srg.jar%23330!/:?]
	at java.base/java.lang.Thread.run(Thread.java:1583) [?:?]
[23Aug2024 00:57:00.286] [Server thread/INFO] [net.minecraft.server.network.ServerGamePacketListenerImpl/]: Nyjl69 lost connection: Disconnected
[23Aug2024 00:57:00.286] [Server thread/INFO] [net.minecraft.server.MinecraftServer/]: Nyjl69 left the game
[23Aug2024 01:06:04.080] [Server thread/INFO] [net.minecraft.server.players.PlayerList/]: Nyjl69[/45.5.141.101:8228] logged in with entity id 80517 at (62.48156742221007, 62.875, -78.69999998807907)
[23Aug2024 01:06:04.086] [Server thread/INFO] [net.minecraft.server.MinecraftServer/]: Nyjl69 joined the game
[23Aug2024 01:07:25.943] [Server thread/INFO] [net.minecraft.server.MinecraftServer/]: Nyjl69 has made the advancement [Light as a Frog]
[23Aug2024 01:08:22.788] [Server thread/INFO] [net.minecraft.server.MinecraftServer/]: Nyjl69 has made the advancement [Fancy Water]
[23Aug2024 01:08:22.789] [Server thread/INFO] [net.minecraft.server.MinecraftServer/]: Nyjl69 has made the advancement [Hearty Meal]
[23Aug2024 01:08:22.790] [Server thread/INFO] [net.minecraft.server.MinecraftServer/]: Nyjl69 has reached the goal [Fully Stuffed]
[23Aug2024 01:11:59.562] [Server thread/INFO] [cy.jdkdigital.trophymanager.TrophyManager/]: useWithoutItem
[23Aug2024 01:12:00.662] [Server thread/INFO] [cy.jdkdigital.trophymanager.TrophyManager/]: useWithoutItem
[23Aug2024 01:12:03.966] [Server thread/INFO] [cy.jdkdigital.trophymanager.TrophyManager/]: useWithoutItem
[23Aug2024 01:12:03.968] [Server thread/ERROR] [net.minecraft.world.item.ItemStack/]: Tried to load invalid item: 'No key id in MapLike[{}]'
[23Aug2024 01:12:03.969] [Server thread/ERROR] [net.minecraft.world.item.ItemStack/]: Tried to load invalid item: 'No key id in MapLike[{}]'
[23Aug2024 01:12:18.409] [Server thread/INFO] [net.minecraft.server.players.PlayerList/]: Flavinhoinho[/170.246.213.6:52212] logged in with entity id 85385 at (39.5, 83.0, -36.5)
[23Aug2024 01:12:18.417] [Server thread/INFO] [net.minecraft.server.MinecraftServer/]: Flavinhoinho joined the game
[23Aug2024 01:12:40.211] [Server thread/INFO] [net.minecraft.server.network.ServerGamePacketListenerImpl/]: Flavinhoinho lost connection: Disconnected
[23Aug2024 01:12:40.211] [Server thread/INFO] [net.minecraft.server.MinecraftServer/]: Flavinhoinho left the game
[23Aug2024 01:12:58.398] [Server thread/INFO] [net.minecraft.server.players.PlayerList/]: vitormp20[/191.251.50.121:56669] logged in with entity id 86263 at (34.5, 93.0, -25.5)
[23Aug2024 01:12:58.402] [Server thread/INFO] [net.minecraft.server.MinecraftServer/]: vitormp20 joined the game
[23Aug2024 01:14:18.918] [Server thread/INFO] [net.minecraft.server.MinecraftServer/]: Lenom has made the advancement [Amateur Archaeologist]
[23Aug2024 01:14:42.710] [Server thread/INFO] [net.minecraft.server.MinecraftServer/]: Lenom has made the advancement [Crops of the Wild]
[23Aug2024 01:14:49.065] [Server thread/INFO] [net.minecraft.server.MinecraftServer/]: Lenom has made the advancement [The First Explosion (of many?)]
[23Aug2024 01:15:20.852] [Server thread/INFO] [net.minecraft.server.MinecraftServer/]: vitormp20 has made the advancement [Light as a Frog]
[23Aug2024 01:15:42.915] [Server thread/INFO] [FTB Chunks/]: attempting to transfer 0 chunks from vitormp20#81962707 to Pracinha#5c1ae6b5
[23Aug2024 01:15:42.915] [Server thread/INFO] [FTB Chunks/]: Transferred 0 chunks from 81962707-d39b-352b-b4e4-873e7015a37b (vitormp20#81962707) to 5c1ae6b5-46f2-4cdb-b8ac-383dee4f94e6 (Pracinha#5c1ae6b5)
[23Aug2024 01:15:42.915] [Server thread/INFO] [FTB Chunks/]: Unclaimed 0 chunks for 81962707-d39b-352b-b4e4-873e7015a37b (vitormp20#81962707) due to claim limits
[23Aug2024 01:15:42.915] [Server thread/INFO] [FTB Chunks/]: Team Pracinha#5c1ae6b5 had 0 claimed chunks, now has 0
[23Aug2024 01:16:16.114] [Server thread/INFO] [net.minecraft.server.players.PlayerList/]: Flavinhoinho[/170.246.213.6:10612] logged in with entity id 88968 at (39.5, 83.0, -36.5)
[23Aug2024 01:16:16.118] [Server thread/INFO] [net.minecraft.server.MinecraftServer/]: Flavinhoinho joined the game
[23Aug2024 01:17:25.656] [Server thread/INFO] [net.minecraft.server.MinecraftServer/]: vitormp20 has made the advancement [Diamonds!]
[23Aug2024 01:17:29.765] [Server thread/INFO] [net.minecraft.server.MinecraftServer/]: vitormp20 has made the advancement [Acquire Hardware]
[23Aug2024 01:19:30.079] [Server thread/INFO] [net.minecraft.server.MinecraftServer/]: Flavinhoinho has made the advancement [Getting an Upgrade]
[23Aug2024 01:19:30.704] [Server thread/INFO] [net.minecraft.server.MinecraftServer/]: Flavinhoinho has made the advancement [Isn't It Iron Pick]
[23Aug2024 01:20:47.301] [Server thread/INFO] [net.minecraft.server.MinecraftServer/]: Flavinhoinho has made the advancement [Stone Age]
[23Aug2024 01:22:13.152] [Server thread/INFO] [net.minecraft.server.MinecraftServer/]: FelipeGuesser has made the advancement [Harder than Iron]
[23Aug2024 01:23:47.587] [Server thread/INFO] [net.minecraft.server.MinecraftServer/]: Flavinhoinho drowned
[23Aug2024 01:23:49.019] [Server thread/WARN] [net.minecraft.server.network.ServerGamePacketListenerImpl/]: Flavinhoinho moved too quickly! 134.77985680278275,73.0,54.52183526454665
[23Aug2024 01:24:54.239] [Server thread/INFO] [net.minecraft.server.MinecraftServer/]: vitormp20 was shocked to death by Lenom
[23Aug2024 01:24:57.022] [Server thread/WARN] [net.minecraft.server.network.ServerGamePacketListenerImpl/]: vitormp20 moved too quickly! 81.4391616086124,23.0,51.80000001192093
[23Aug2024 01:27:48.900] [Server thread/INFO] [net.minecraft.server.MinecraftServer/]: vitormp20 has made the advancement [Isn't It Iron Pick]
[23Aug2024 01:28:50.797] [Server thread/INFO] [net.minecraft.server.MinecraftServer/]: Flavinhoinho drowned
[23Aug2024 01:28:51.108] [Server thread/INFO] [net.minecraft.server.MinecraftServer/]: Nyjl69 has made the advancement [Monster Hunter]
[23Aug2024 01:28:52.154] [Server thread/WARN] [net.minecraft.server.network.ServerGamePacketListenerImpl/]: Flavinhoinho moved too quickly! 140.2293321692348,86.0,52.828289551447156
[23Aug2024 01:28:52.165] [Server thread/WARN] [net.minecraft.server.network.ServerGamePacketListenerImpl/]: Flavinhoinho moved too quickly! 140.2293321692348,86.0,52.828289551447156
[23Aug2024 01:31:51.302] [Server thread/INFO] [net.minecraft.server.MinecraftServer/]: vitormp20 has made the advancement [Fancy Water]
[23Aug2024 01:31:51.303] [Server thread/INFO] [net.minecraft.server.MinecraftServer/]: vitormp20 has made the advancement [Hearty Meal]
[23Aug2024 01:31:51.304] [Server thread/INFO] [net.minecraft.server.MinecraftServer/]: vitormp20 has reached the goal [Fully Stuffed]
[23Aug2024 01:34:33.665] [Server thread/INFO] [net.minecraft.server.MinecraftServer/]: Nyjl69 has made the advancement [Stone Age]
[23Aug2024 01:35:33.209] [Server thread/INFO] [net.minecraft.server.MinecraftServer/]: Flavinhoinho has made the advancement [Ice Bucket Challenge]
[23Aug2024 01:35:48.945] [Server thread/INFO] [net.minecraft.server.MinecraftServer/]: Flavinhoinho has made the advancement [Fancy Water]
[23Aug2024 01:35:48.949] [Server thread/INFO] [net.minecraft.server.MinecraftServer/]: Flavinhoinho has made the advancement [Hearty Meal]
[23Aug2024 01:35:48.952] [Server thread/INFO] [net.minecraft.server.MinecraftServer/]: Flavinhoinho has reached the goal [Fully Stuffed]
[23Aug2024 01:37:26.915] [Server thread/INFO] [net.minecraft.server.MinecraftServer/]: Flavinhoinho drowned
[23Aug2024 01:37:28.119] [Server thread/WARN] [net.minecraft.server.network.ServerGamePacketListenerImpl/]: Flavinhoinho moved too quickly! 152.08090369614655,87.0,61.67206811856322
[23Aug2024 01:39:19.372] [Server thread/INFO] [net.minecraft.server.MinecraftServer/]: Nyjl69 has made the advancement [Acquire Hardware]
[23Aug2024 01:39:33.094] [Server thread/INFO] [net.minecraft.server.MinecraftServer/]: Nyjl69 has made the advancement [Isn't It Iron Pick]
[23Aug2024 01:40:29.546] [Server thread/INFO] [net.minecraft.server.MinecraftServer/]: Nego_Plays has made the advancement [Into Fire]
[23Aug2024 01:40:40.880] [Server thread/INFO] [net.minecraft.server.MinecraftServer/]: FelipeGuesser was slain by Silverfish
[23Aug2024 01:40:42.842] [Server thread/INFO] [net.minecraft.server.MinecraftServer/]: Lenom was slain by Cave Spider
[23Aug2024 01:40:42.957] [Server thread/WARN] [net.minecraft.world.level.chunk.LevelChunk/]: Trying to set block entity net.minecraft.world.level.block.entity.BrushableBlockEntity@32590e35 at position BlockPos{x=180, y=50, z=-825}, but state Block{minecraft:chest}[facing=north,type=single,waterlogged=false] does not allow it
[23Aug2024 01:41:26.182] [Server thread/WARN] [net.minecraft.server.MinecraftServer/]: Can't keep up! Is the server overloaded? Running 2061ms or 41 ticks behind
[23Aug2024 01:41:55.659] [Server thread/INFO] [net.minecraft.server.MinecraftServer/]: Lenom has made the advancement [Hunt and Gather]
[23Aug2024 01:42:17.281] [Server thread/INFO] [net.minecraft.server.MinecraftServer/]: Nyjl69 has made the advancement [Getting an Upgrade]
[23Aug2024 01:43:31.764] [Server thread/INFO] [net.minecraft.server.MinecraftServer/]: vitormp20 has made the advancement [The First Explosion (of many?)]
[23Aug2024 01:49:12.161] [Server thread/INFO] [net.minecraft.server.MinecraftServer/]: Nyjl69 has made the advancement [Suit Up]
[23Aug2024 01:50:33.171] [Server thread/INFO] [net.minecraft.server.MinecraftServer/]: vitormp20 has made the advancement [Monster Hunter]
[23Aug2024 01:51:10.905] [Server thread/INFO] [net.minecraft.server.MinecraftServer/]: Flavinhoinho was slain by Mimic
[23Aug2024 01:51:45.717] [Server thread/INFO] [net.minecraft.server.MinecraftServer/]: Flavinhoinho has made the advancement [Light as a Frog]
[23Aug2024 01:52:25.219] [Server thread/INFO] [net.minecraft.server.MinecraftServer/]: vitormp20 has made the advancement [Suit Up]
[23Aug2024 01:52:52.828] [Server thread/INFO] [net.minecraft.server.MinecraftServer/]: Flavinhoinho has made the advancement [The First Explosion (of many?)]
[23Aug2024 01:53:59.368] [Server thread/ERROR] [Modonomicon/]: Modonomicon Lectern: ItemStack has no tag!
[23Aug2024 01:55:44.296] [Server thread/INFO] [net.minecraft.server.network.ServerGamePacketListenerImpl/]: Lenom lost connection: Disconnected
[23Aug2024 01:55:44.297] [Server thread/INFO] [net.minecraft.server.MinecraftServer/]: Lenom left the game
[23Aug2024 01:55:58.145] [Server thread/INFO] [net.minecraft.server.MinecraftServer/]: Flavinhoinho has made the advancement [Acquire Hardware]
[23Aug2024 01:56:12.858] [Server thread/INFO] [net.minecraft.server.MinecraftServer/]: Flavinhoinho has made the advancement [Suit Up]
[23Aug2024 01:57:28.879] [Server thread/INFO] [net.minecraft.server.MinecraftServer/]: FelipeGuesser fell from a high place
[23Aug2024 01:58:59.256] [Server thread/INFO] [net.minecraft.server.players.PlayerList/]: XzK1NGzZ[/131.196.76.222:12714] logged in with entity id 127568 at (24.5, 63.0, -30.5)
[23Aug2024 01:58:59.262] [Server thread/INFO] [net.minecraft.server.MinecraftServer/]: XzK1NGzZ joined the game
[23Aug2024 02:00:49.456] [Server thread/INFO] [net.minecraft.server.MinecraftServer/]: Flavinhoinho has made the advancement [First Age]
[23Aug2024 02:01:44.338] [Server thread/INFO] [net.minecraft.server.MinecraftServer/]: XzK1NGzZ has made the advancement [Harder than Iron]
[23Aug2024 02:03:36.244] [Server thread/INFO] [net.minecraft.server.MinecraftServer/]: XzK1NGzZ has made the advancement [The First Explosion (of many?)]
[23Aug2024 02:04:23.589] [Server thread/INFO] [net.minecraft.server.MinecraftServer/]: XzK1NGzZ has made the advancement [Stone Age]
[23Aug2024 02:04:42.546] [Server thread/INFO] [net.minecraft.server.MinecraftServer/]: Nego_Plays has made the advancement [Getting More From Less]
[23Aug2024 02:04:59.389] [Server thread/INFO] [net.minecraft.server.MinecraftServer/]: Flavinhoinho has made the advancement [Harder than Iron]
[23Aug2024 02:06:31.387] [Server thread/INFO] [net.minecraft.server.MinecraftServer/]: XzK1NGzZ has made the advancement [Fancy Water]
[23Aug2024 02:06:31.388] [Server thread/INFO] [net.minecraft.server.MinecraftServer/]: XzK1NGzZ has made the advancement [Hearty Meal]
[23Aug2024 02:06:31.389] [Server thread/INFO] [net.minecraft.server.MinecraftServer/]: XzK1NGzZ has reached the goal [Fully Stuffed]
[23Aug2024 02:06:52.246] [Server thread/INFO] [net.minecraft.server.MinecraftServer/]: Flavinhoinho has made the advancement [Monster Hunter]
[23Aug2024 02:10:04.962] [Server thread/INFO] [net.minecraft.server.MinecraftServer/]: XzK1NGzZ has made the advancement [Monster Hunter]
[23Aug2024 02:10:54.586] [Server thread/INFO] [net.minecraft.server.MinecraftServer/]: Nyjl69 was slain by Zombie
[23Aug2024 02:11:07.094] [Server thread/INFO] [net.minecraft.server.MinecraftServer/]: Nego_Plays has reached the goal [The Factory Must Grow!]
[23Aug2024 02:12:17.889] [Server thread/INFO] [net.minecraft.server.MinecraftServer/]: Nyjl69 was slain by Zombie
[23Aug2024 02:15:32.313] [Server thread/INFO] [net.minecraft.server.MinecraftServer/]: XzK1NGzZ has made the advancement [Light as a Frog]
[23Aug2024 02:16:16.495] [Server thread/INFO] [net.minecraft.server.players.PlayerList/]: Lenom[/191.193.3.101:58385] logged in with entity id 132644 at (422.4248143313178, 136.0, -13.910092689799312)
[23Aug2024 02:16:16.500] [Server thread/INFO] [net.minecraft.server.MinecraftServer/]: Lenom joined the game
[23Aug2024 02:18:47.171] [Server thread/WARN] [net.minecraft.server.MinecraftServer/]: Can't keep up! Is the server overloaded? Running 2000ms or 40 ticks behind
[23Aug2024 02:19:05.394] [Server thread/WARN] [net.minecraft.server.MinecraftServer/]: Can't keep up! Is the server overloaded? Running 3223ms or 64 ticks behind
[23Aug2024 02:19:24.600] [Server thread/WARN] [net.minecraft.server.MinecraftServer/]: Can't keep up! Is the server overloaded? Running 4229ms or 84 ticks behind
[23Aug2024 02:19:43.127] [Server thread/WARN] [net.minecraft.server.MinecraftServer/]: Can't keep up! Is the server overloaded? Running 3556ms or 71 ticks behind
[23Aug2024 02:22:31.596] [Server thread/INFO] [net.blay09.mods.netherportalfix.NetherPortalFix/]: No return portal found
[23Aug2024 02:22:33.925] [Server thread/INFO] [net.minecraft.server.MinecraftServer/]: Lenom has made the advancement [We Need to Go Deeper]
[23Aug2024 02:22:36.467] [Server thread/WARN] [net.minecraft.server.MinecraftServer/]: Can't keep up! Is the server overloaded? Running 4896ms or 97 ticks behind
[23Aug2024 02:22:38.671] [Server thread/INFO] [net.blay09.mods.netherportalfix.NetherPortalFix/]: No return portal found
[23Aug2024 02:22:38.681] [Server thread/INFO] [net.minecraft.server.MinecraftServer/]: FelipeGuesser has made the advancement [We Need to Go Deeper]
[23Aug2024 02:22:41.118] [Server thread/INFO] [net.blay09.mods.netherportalfix.NetherPortalFix/]: No return portal found
[23Aug2024 02:22:41.129] [Server thread/INFO] [net.minecraft.server.MinecraftServer/]: Nyjl69 has made the advancement [We Need to Go Deeper]
[23Aug2024 02:22:43.000] [Worker-Main-18/WARN] [net.minecraft.world.entity.ai.attributes.AttributeMap/]: Ignoring unknown attribute 'forge:entity_gravity'
[23Aug2024 02:22:43.000] [Worker-Main-18/WARN] [net.minecraft.world.entity.ai.attributes.AttributeMap/]: Ignoring unknown attribute 'forge:step_height_addition'
[23Aug2024 02:22:43.002] [Worker-Main-18/WARN] [net.minecraft.world.entity.ai.attributes.AttributeMap/]: Ignoring unknown attribute 'forge:entity_gravity'
[23Aug2024 02:22:43.002] [Worker-Main-18/WARN] [net.minecraft.world.entity.ai.attributes.AttributeMap/]: Ignoring unknown attribute 'forge:step_height_addition'
[23Aug2024 02:22:43.003] [Worker-Main-18/WARN] [net.minecraft.world.entity.ai.attributes.AttributeMap/]: Ignoring unknown attribute 'forge:entity_gravity'
[23Aug2024 02:22:43.003] [Worker-Main-18/WARN] [net.minecraft.world.entity.ai.attributes.AttributeMap/]: Ignoring unknown attribute 'forge:step_height_addition'
[23Aug2024 02:22:43.004] [Worker-Main-18/WARN] [net.minecraft.world.entity.ai.attributes.AttributeMap/]: Ignoring unknown attribute 'forge:entity_gravity'
[23Aug2024 02:22:43.004] [Worker-Main-18/WARN] [net.minecraft.world.entity.ai.attributes.AttributeMap/]: Ignoring unknown attribute 'forge:step_height_addition'
[23Aug2024 02:23:02.535] [Server thread/INFO] [net.minecraft.server.MinecraftServer/]: XzK1NGzZ has made the advancement [First Age]
[23Aug2024 02:23:11.325] [Server thread/WARN] [net.minecraft.server.MinecraftServer/]: Can't keep up! Is the server overloaded? Running 2004ms or 40 ticks behind
[23Aug2024 02:23:27.316] [Server thread/INFO] [net.minecraft.server.MinecraftServer/]: Lenom has made the advancement [A Terrible Fortress]
[23Aug2024 02:23:28.636] [Server thread/WARN] [net.minecraft.server.MinecraftServer/]: Can't keep up! Is the server overloaded? Running 2316ms or 46 ticks behind
[23Aug2024 02:23:30.647] [Server thread/INFO] [net.minecraft.server.MinecraftServer/]: Nyjl69 has made the advancement [A Terrible Fortress]
[23Aug2024 02:23:34.092] [Server thread/INFO] [net.minecraft.server.MinecraftServer/]: FelipeGuesser has made the advancement [A Terrible Fortress]
[23Aug2024 02:23:46.059] [Server thread/WARN] [net.minecraft.server.MinecraftServer/]: Can't keep up! Is the server overloaded? Running 2438ms or 48 ticks behind
[23Aug2024 02:24:03.496] [Server thread/INFO] [net.minecraft.server.MinecraftServer/]: Nyjl69 has made the advancement [Into Fire]
[23Aug2024 02:24:04.099] [Server thread/WARN] [net.minecraft.server.MinecraftServer/]: Can't keep up! Is the server overloaded? Running 3078ms or 61 ticks behind
[23Aug2024 02:24:32.374] [Server thread/WARN] [net.minecraft.server.MinecraftServer/]: Can't keep up! Is the server overloaded? Running 2003ms or 40 ticks behind
[23Aug2024 02:24:56.874] [Server thread/INFO] [net.blay09.mods.netherportalfix.NetherPortalFix/]: No return portal found
[23Aug2024 02:24:56.885] [Server thread/INFO] [net.minecraft.server.MinecraftServer/]: Flavinhoinho has made the advancement [We Need to Go Deeper]
[23Aug2024 02:25:10.575] [Server thread/WARN] [net.minecraft.server.MinecraftServer/]: Can't keep up! Is the server overloaded? Running 2005ms or 40 ticks behind
[23Aug2024 02:25:21.771] [Server thread/INFO] [net.minecraft.server.MinecraftServer/]: XzK1NGzZ has made the advancement [Acquire Hardware]
[23Aug2024 02:25:26.506] [Server thread/ERROR] [net.minecraft.util.thread.BlockableEventLoop/FATAL]: Error executing task on Server
java.util.concurrent.CompletionException: java.lang.ArrayIndexOutOfBoundsException
	at java.base/java.util.concurrent.CompletableFuture.encodeThrowable(CompletableFuture.java:315) ~[?:?]
	at java.base/java.util.concurrent.CompletableFuture.completeThrowable(CompletableFuture.java:320) ~[?:?]
	at java.base/java.util.concurrent.CompletableFuture$AsyncSupply.run(CompletableFuture.java:1770) ~[?:?]
	at TRANSFORMER/minecraft@1.21.1/net.minecraft.server.TickTask.run(TickTask.java:18) ~[server-1.21.1-20240808.144430-srg.jar%23330!/:?]
	at TRANSFORMER/minecraft@1.21.1/net.minecraft.util.thread.BlockableEventLoop.doRunTask(BlockableEventLoop.java:148) ~[server-1.21.1-20240808.144430-srg.jar%23330!/:?]
	at TRANSFORMER/minecraft@1.21.1/net.minecraft.util.thread.ReentrantBlockableEventLoop.doRunTask(ReentrantBlockableEventLoop.java:23) ~[server-1.21.1-20240808.144430-srg.jar%23330!/:?]
	at TRANSFORMER/minecraft@1.21.1/net.minecraft.server.MinecraftServer.doRunTask(MinecraftServer.java:872) ~[server-1.21.1-20240808.144430-srg.jar%23330!/:?]
	at TRANSFORMER/minecraft@1.21.1/net.minecraft.server.MinecraftServer.doRunTask(MinecraftServer.java:170) ~[server-1.21.1-20240808.144430-srg.jar%23330!/:?]
	at TRANSFORMER/minecraft@1.21.1/net.minecraft.util.thread.BlockableEventLoop.pollTask(BlockableEventLoop.java:122) ~[server-1.21.1-20240808.144430-srg.jar%23330!/:?]
	at TRANSFORMER/minecraft@1.21.1/net.minecraft.server.MinecraftServer.pollTaskInternal(MinecraftServer.java:855) ~[server-1.21.1-20240808.144430-srg.jar%23330!/:?]
	at TRANSFORMER/minecraft@1.21.1/net.minecraft.server.MinecraftServer.pollTask(MinecraftServer.java:849) ~[server-1.21.1-20240808.144430-srg.jar%23330!/:?]
	at TRANSFORMER/minecraft@1.21.1/net.minecraft.util.thread.BlockableEventLoop.runAllTasks(BlockableEventLoop.java:111) ~[server-1.21.1-20240808.144430-srg.jar%23330!/:?]
	at TRANSFORMER/minecraft@1.21.1/net.minecraft.server.MinecraftServer.waitUntilNextTick(MinecraftServer.java:825) ~[server-1.21.1-20240808.144430-srg.jar%23330!/:?]
	at TRANSFORMER/minecraft@1.21.1/net.minecraft.server.MinecraftServer.runServer(MinecraftServer.java:712) ~[server-1.21.1-20240808.144430-srg.jar%23330!/:?]
	at TRANSFORMER/minecraft@1.21.1/net.minecraft.server.MinecraftServer.lambda$spin$2(MinecraftServer.java:267) ~[server-1.21.1-20240808.144430-srg.jar%23330!/:?]
	at java.base/java.lang.Thread.run(Thread.java:1583) [?:?]
Caused by: java.lang.ArrayIndexOutOfBoundsException
[23Aug2024 02:25:26.509] [Server thread/ERROR] [net.neoforged.neoforge.network.registration.NetworkRegistry/]: Failed to process a synchronized task of the payload: craftingtweaks:refill_last_crafted
java.util.concurrent.CompletionException: java.lang.ArrayIndexOutOfBoundsException
	at java.base/java.util.concurrent.CompletableFuture.encodeThrowable(CompletableFuture.java:315) ~[?:?]
	at java.base/java.util.concurrent.CompletableFuture.completeThrowable(CompletableFuture.java:320) ~[?:?]
	at java.base/java.util.concurrent.CompletableFuture$AsyncSupply.run(CompletableFuture.java:1770) ~[?:?]
	at TRANSFORMER/minecraft@1.21.1/net.minecraft.server.TickTask.run(TickTask.java:18) ~[server-1.21.1-20240808.144430-srg.jar%23330!/:?]
	at TRANSFORMER/minecraft@1.21.1/net.minecraft.util.thread.BlockableEventLoop.doRunTask(BlockableEventLoop.java:148) ~[server-1.21.1-20240808.144430-srg.jar%23330!/:?]
	at TRANSFORMER/minecraft@1.21.1/net.minecraft.util.thread.ReentrantBlockableEventLoop.doRunTask(ReentrantBlockableEventLoop.java:23) ~[server-1.21.1-20240808.144430-srg.jar%23330!/:?]
	at TRANSFORMER/minecraft@1.21.1/net.minecraft.server.MinecraftServer.doRunTask(MinecraftServer.java:872) ~[server-1.21.1-20240808.144430-srg.jar%23330!/:?]
	at TRANSFORMER/minecraft@1.21.1/net.minecraft.server.MinecraftServer.doRunTask(MinecraftServer.java:170) ~[server-1.21.1-20240808.144430-srg.jar%23330!/:?]
	at TRANSFORMER/minecraft@1.21.1/net.minecraft.util.thread.BlockableEventLoop.pollTask(BlockableEventLoop.java:122) ~[server-1.21.1-20240808.144430-srg.jar%23330!/:?]
	at TRANSFORMER/minecraft@1.21.1/net.minecraft.server.MinecraftServer.pollTaskInternal(MinecraftServer.java:855) ~[server-1.21.1-20240808.144430-srg.jar%23330!/:?]
	at TRANSFORMER/minecraft@1.21.1/net.minecraft.server.MinecraftServer.pollTask(MinecraftServer.java:849) ~[server-1.21.1-20240808.144430-srg.jar%23330!/:?]
	at TRANSFORMER/minecraft@1.21.1/net.minecraft.util.thread.BlockableEventLoop.runAllTasks(BlockableEventLoop.java:111) ~[server-1.21.1-20240808.144430-srg.jar%23330!/:?]
	at TRANSFORMER/minecraft@1.21.1/net.minecraft.server.MinecraftServer.waitUntilNextTick(MinecraftServer.java:825) ~[server-1.21.1-20240808.144430-srg.jar%23330!/:?]
	at TRANSFORMER/minecraft@1.21.1/net.minecraft.server.MinecraftServer.runServer(MinecraftServer.java:712) ~[server-1.21.1-20240808.144430-srg.jar%23330!/:?]
	at TRANSFORMER/minecraft@1.21.1/net.minecraft.server.MinecraftServer.lambda$spin$2(MinecraftServer.java:267) ~[server-1.21.1-20240808.144430-srg.jar%23330!/:?]
	at java.base/java.lang.Thread.run(Thread.java:1583) [?:?]
Caused by: java.lang.ArrayIndexOutOfBoundsException
[23Aug2024 02:25:26.884] [Server thread/ERROR] [net.minecraft.util.thread.BlockableEventLoop/FATAL]: Error executing task on Server
java.util.concurrent.CompletionException: java.lang.ArrayIndexOutOfBoundsException
	at java.base/java.util.concurrent.CompletableFuture.encodeThrowable(CompletableFuture.java:315) ~[?:?]
	at java.base/java.util.concurrent.CompletableFuture.completeThrowable(CompletableFuture.java:320) ~[?:?]
	at java.base/java.util.concurrent.CompletableFuture$AsyncSupply.run(CompletableFuture.java:1770) ~[?:?]
	at TRANSFORMER/minecraft@1.21.1/net.minecraft.server.TickTask.run(TickTask.java:18) ~[server-1.21.1-20240808.144430-srg.jar%23330!/:?]
	at TRANSFORMER/minecraft@1.21.1/net.minecraft.util.thread.BlockableEventLoop.doRunTask(BlockableEventLoop.java:148) ~[server-1.21.1-20240808.144430-srg.jar%23330!/:?]
	at TRANSFORMER/minecraft@1.21.1/net.minecraft.util.thread.ReentrantBlockableEventLoop.doRunTask(ReentrantBlockableEventLoop.java:23) ~[server-1.21.1-20240808.144430-srg.jar%23330!/:?]
	at TRANSFORMER/minecraft@1.21.1/net.minecraft.server.MinecraftServer.doRunTask(MinecraftServer.java:872) ~[server-1.21.1-20240808.144430-srg.jar%23330!/:?]
	at TRANSFORMER/minecraft@1.21.1/net.minecraft.server.MinecraftServer.doRunTask(MinecraftServer.java:170) ~[server-1.21.1-20240808.144430-srg.jar%23330!/:?]
	at TRANSFORMER/minecraft@1.21.1/net.minecraft.util.thread.BlockableEventLoop.pollTask(BlockableEventLoop.java:122) ~[server-1.21.1-20240808.144430-srg.jar%23330!/:?]
	at TRANSFORMER/minecraft@1.21.1/net.minecraft.server.MinecraftServer.pollTaskInternal(MinecraftServer.java:855) ~[server-1.21.1-20240808.144430-srg.jar%23330!/:?]
	at TRANSFORMER/minecraft@1.21.1/net.minecraft.server.MinecraftServer.pollTask(MinecraftServer.java:849) ~[server-1.21.1-20240808.144430-srg.jar%23330!/:?]
	at TRANSFORMER/minecraft@1.21.1/net.minecraft.util.thread.BlockableEventLoop.runAllTasks(BlockableEventLoop.java:111) ~[server-1.21.1-20240808.144430-srg.jar%23330!/:?]
	at TRANSFORMER/minecraft@1.21.1/net.minecraft.server.MinecraftServer.waitUntilNextTick(MinecraftServer.java:825) ~[server-1.21.1-20240808.144430-srg.jar%23330!/:?]
	at TRANSFORMER/minecraft@1.21.1/net.minecraft.server.MinecraftServer.runServer(MinecraftServer.java:712) ~[server-1.21.1-20240808.144430-srg.jar%23330!/:?]
	at TRANSFORMER/minecraft@1.21.1/net.minecraft.server.MinecraftServer.lambda$spin$2(MinecraftServer.java:267) ~[server-1.21.1-20240808.144430-srg.jar%23330!/:?]
	at java.base/java.lang.Thread.run(Thread.java:1583) [?:?]
Caused by: java.lang.ArrayIndexOutOfBoundsException
[23Aug2024 02:25:26.885] [Server thread/ERROR] [net.neoforged.neoforge.network.registration.NetworkRegistry/]: Failed to process a synchronized task of the payload: craftingtweaks:refill_last_crafted
java.util.concurrent.CompletionException: java.lang.ArrayIndexOutOfBoundsException
	at java.base/java.util.concurrent.CompletableFuture.encodeThrowable(CompletableFuture.java:315) ~[?:?]
	at java.base/java.util.concurrent.CompletableFuture.completeThrowable(CompletableFuture.java:320) ~[?:?]
	at java.base/java.util.concurrent.CompletableFuture$AsyncSupply.run(CompletableFuture.java:1770) ~[?:?]
	at TRANSFORMER/minecraft@1.21.1/net.minecraft.server.TickTask.run(TickTask.java:18) ~[server-1.21.1-20240808.144430-srg.jar%23330!/:?]
	at TRANSFORMER/minecraft@1.21.1/net.minecraft.util.thread.BlockableEventLoop.doRunTask(BlockableEventLoop.java:148) ~[server-1.21.1-20240808.144430-srg.jar%23330!/:?]
	at TRANSFORMER/minecraft@1.21.1/net.minecraft.util.thread.ReentrantBlockableEventLoop.doRunTask(ReentrantBlockableEventLoop.java:23) ~[server-1.21.1-20240808.144430-srg.jar%23330!/:?]
	at TRANSFORMER/minecraft@1.21.1/net.minecraft.server.MinecraftServer.doRunTask(MinecraftServer.java:872) ~[server-1.21.1-20240808.144430-srg.jar%23330!/:?]
	at TRANSFORMER/minecraft@1.21.1/net.minecraft.server.MinecraftServer.doRunTask(MinecraftServer.java:170) ~[server-1.21.1-20240808.144430-srg.jar%23330!/:?]
	at TRANSFORMER/minecraft@1.21.1/net.minecraft.util.thread.BlockableEventLoop.pollTask(BlockableEventLoop.java:122) ~[server-1.21.1-20240808.144430-srg.jar%23330!/:?]
	at TRANSFORMER/minecraft@1.21.1/net.minecraft.server.MinecraftServer.pollTaskInternal(MinecraftServer.java:855) ~[server-1.21.1-20240808.144430-srg.jar%23330!/:?]
	at TRANSFORMER/minecraft@1.21.1/net.minecraft.server.MinecraftServer.pollTask(MinecraftServer.java:849) ~[server-1.21.1-20240808.144430-srg.jar%23330!/:?]
	at TRANSFORMER/minecraft@1.21.1/net.minecraft.util.thread.BlockableEventLoop.runAllTasks(BlockableEventLoop.java:111) ~[server-1.21.1-20240808.144430-srg.jar%23330!/:?]
	at TRANSFORMER/minecraft@1.21.1/net.minecraft.server.MinecraftServer.waitUntilNextTick(MinecraftServer.java:825) ~[server-1.21.1-20240808.144430-srg.jar%23330!/:?]
	at TRANSFORMER/minecraft@1.21.1/net.minecraft.server.MinecraftServer.runServer(MinecraftServer.java:712) ~[server-1.21.1-20240808.144430-srg.jar%23330!/:?]
	at TRANSFORMER/minecraft@1.21.1/net.minecraft.server.MinecraftServer.lambda$spin$2(MinecraftServer.java:267) ~[server-1.21.1-20240808.144430-srg.jar%23330!/:?]
	at java.base/java.lang.Thread.run(Thread.java:1583) [?:?]
Caused by: java.lang.ArrayIndexOutOfBoundsException
[23Aug2024 02:25:27.384] [Server thread/ERROR] [net.minecraft.util.thread.BlockableEventLoop/FATAL]: Error executing task on Server
java.util.concurrent.CompletionException: java.lang.ArrayIndexOutOfBoundsException
	at java.base/java.util.concurrent.CompletableFuture.encodeThrowable(CompletableFuture.java:315) ~[?:?]
	at java.base/java.util.concurrent.CompletableFuture.completeThrowable(CompletableFuture.java:320) ~[?:?]
	at java.base/java.util.concurrent.CompletableFuture$AsyncSupply.run(CompletableFuture.java:1770) ~[?:?]
	at TRANSFORMER/minecraft@1.21.1/net.minecraft.server.TickTask.run(TickTask.java:18) ~[server-1.21.1-20240808.144430-srg.jar%23330!/:?]
	at TRANSFORMER/minecraft@1.21.1/net.minecraft.util.thread.BlockableEventLoop.doRunTask(BlockableEventLoop.java:148) ~[server-1.21.1-20240808.144430-srg.jar%23330!/:?]
	at TRANSFORMER/minecraft@1.21.1/net.minecraft.util.thread.ReentrantBlockableEventLoop.doRunTask(ReentrantBlockableEventLoop.java:23) ~[server-1.21.1-20240808.144430-srg.jar%23330!/:?]
	at TRANSFORMER/minecraft@1.21.1/net.minecraft.server.MinecraftServer.doRunTask(MinecraftServer.java:872) ~[server-1.21.1-20240808.144430-srg.jar%23330!/:?]
	at TRANSFORMER/minecraft@1.21.1/net.minecraft.server.MinecraftServer.doRunTask(MinecraftServer.java:170) ~[server-1.21.1-20240808.144430-srg.jar%23330!/:?]
	at TRANSFORMER/minecraft@1.21.1/net.minecraft.util.thread.BlockableEventLoop.pollTask(BlockableEventLoop.java:122) ~[server-1.21.1-20240808.144430-srg.jar%23330!/:?]
	at TRANSFORMER/minecraft@1.21.1/net.minecraft.server.MinecraftServer.pollTaskInternal(MinecraftServer.java:855) ~[server-1.21.1-20240808.144430-srg.jar%23330!/:?]
	at TRANSFORMER/minecraft@1.21.1/net.minecraft.server.MinecraftServer.pollTask(MinecraftServer.java:849) ~[server-1.21.1-20240808.144430-srg.jar%23330!/:?]
	at TRANSFORMER/minecraft@1.21.1/net.minecraft.util.thread.BlockableEventLoop.runAllTasks(BlockableEventLoop.java:111) ~[server-1.21.1-20240808.144430-srg.jar%23330!/:?]
	at TRANSFORMER/minecraft@1.21.1/net.minecraft.server.MinecraftServer.waitUntilNextTick(MinecraftServer.java:825) ~[server-1.21.1-20240808.144430-srg.jar%23330!/:?]
	at TRANSFORMER/minecraft@1.21.1/net.minecraft.server.MinecraftServer.runServer(MinecraftServer.java:712) ~[server-1.21.1-20240808.144430-srg.jar%23330!/:?]
	at TRANSFORMER/minecraft@1.21.1/net.minecraft.server.MinecraftServer.lambda$spin$2(MinecraftServer.java:267) ~[server-1.21.1-20240808.144430-srg.jar%23330!/:?]
	at java.base/java.lang.Thread.run(Thread.java:1583) [?:?]
Caused by: java.lang.ArrayIndexOutOfBoundsException
[23Aug2024 02:25:27.385] [Server thread/ERROR] [net.neoforged.neoforge.network.registration.NetworkRegistry/]: Failed to process a synchronized task of the payload: craftingtweaks:refill_last_crafted
java.util.concurrent.CompletionException: java.lang.ArrayIndexOutOfBoundsException
	at java.base/java.util.concurrent.CompletableFuture.encodeThrowable(CompletableFuture.java:315) ~[?:?]
	at java.base/java.util.concurrent.CompletableFuture.completeThrowable(CompletableFuture.java:320) ~[?:?]
	at java.base/java.util.concurrent.CompletableFuture$AsyncSupply.run(CompletableFuture.java:1770) ~[?:?]
	at TRANSFORMER/minecraft@1.21.1/net.minecraft.server.TickTask.run(TickTask.java:18) ~[server-1.21.1-20240808.144430-srg.jar%23330!/:?]
	at TRANSFORMER/minecraft@1.21.1/net.minecraft.util.thread.BlockableEventLoop.doRunTask(BlockableEventLoop.java:148) ~[server-1.21.1-20240808.144430-srg.jar%23330!/:?]
	at TRANSFORMER/minecraft@1.21.1/net.minecraft.util.thread.ReentrantBlockableEventLoop.doRunTask(ReentrantBlockableEventLoop.java:23) ~[server-1.21.1-20240808.144430-srg.jar%23330!/:?]
	at TRANSFORMER/minecraft@1.21.1/net.minecraft.server.MinecraftServer.doRunTask(MinecraftServer.java:872) ~[server-1.21.1-20240808.144430-srg.jar%23330!/:?]
	at TRANSFORMER/minecraft@1.21.1/net.minecraft.server.MinecraftServer.doRunTask(MinecraftServer.java:170) ~[server-1.21.1-20240808.144430-srg.jar%23330!/:?]
	at TRANSFORMER/minecraft@1.21.1/net.minecraft.util.thread.BlockableEventLoop.pollTask(BlockableEventLoop.java:122) ~[server-1.21.1-20240808.144430-srg.jar%23330!/:?]
	at TRANSFORMER/minecraft@1.21.1/net.minecraft.server.MinecraftServer.pollTaskInternal(MinecraftServer.java:855) ~[server-1.21.1-20240808.144430-srg.jar%23330!/:?]
	at TRANSFORMER/minecraft@1.21.1/net.minecraft.server.MinecraftServer.pollTask(MinecraftServer.java:849) ~[server-1.21.1-20240808.144430-srg.jar%23330!/:?]
	at TRANSFORMER/minecraft@1.21.1/net.minecraft.util.thread.BlockableEventLoop.runAllTasks(BlockableEventLoop.java:111) ~[server-1.21.1-20240808.144430-srg.jar%23330!/:?]
	at TRANSFORMER/minecraft@1.21.1/net.minecraft.server.MinecraftServer.waitUntilNextTick(MinecraftServer.java:825) ~[server-1.21.1-20240808.144430-srg.jar%23330!/:?]
	at TRANSFORMER/minecraft@1.21.1/net.minecraft.server.MinecraftServer.runServer(MinecraftServer.java:712) ~[server-1.21.1-20240808.144430-srg.jar%23330!/:?]
	at TRANSFORMER/minecraft@1.21.1/net.minecraft.server.MinecraftServer.lambda$spin$2(MinecraftServer.java:267) ~[server-1.21.1-20240808.144430-srg.jar%23330!/:?]
	at java.base/java.lang.Thread.run(Thread.java:1583) [?:?]
Caused by: java.lang.ArrayIndexOutOfBoundsException
[23Aug2024 02:25:27.574] [Server thread/ERROR] [net.minecraft.util.thread.BlockableEventLoop/FATAL]: Error executing task on Server
java.util.concurrent.CompletionException: java.lang.ArrayIndexOutOfBoundsException
	at java.base/java.util.concurrent.CompletableFuture.encodeThrowable(CompletableFuture.java:315) ~[?:?]
	at java.base/java.util.concurrent.CompletableFuture.completeThrowable(CompletableFuture.java:320) ~[?:?]
	at java.base/java.util.concurrent.CompletableFuture$AsyncSupply.run(CompletableFuture.java:1770) ~[?:?]
	at TRANSFORMER/minecraft@1.21.1/net.minecraft.server.TickTask.run(TickTask.java:18) ~[server-1.21.1-20240808.144430-srg.jar%23330!/:?]
	at TRANSFORMER/minecraft@1.21.1/net.minecraft.util.thread.BlockableEventLoop.doRunTask(BlockableEventLoop.java:148) ~[server-1.21.1-20240808.144430-srg.jar%23330!/:?]
	at TRANSFORMER/minecraft@1.21.1/net.minecraft.util.thread.ReentrantBlockableEventLoop.doRunTask(ReentrantBlockableEventLoop.java:23) ~[server-1.21.1-20240808.144430-srg.jar%23330!/:?]
	at TRANSFORMER/minecraft@1.21.1/net.minecraft.server.MinecraftServer.doRunTask(MinecraftServer.java:872) ~[server-1.21.1-20240808.144430-srg.jar%23330!/:?]
	at TRANSFORMER/minecraft@1.21.1/net.minecraft.server.MinecraftServer.doRunTask(MinecraftServer.java:170) ~[server-1.21.1-20240808.144430-srg.jar%23330!/:?]
	at TRANSFORMER/minecraft@1.21.1/net.minecraft.util.thread.BlockableEventLoop.pollTask(BlockableEventLoop.java:122) ~[server-1.21.1-20240808.144430-srg.jar%23330!/:?]
	at TRANSFORMER/minecraft@1.21.1/net.minecraft.server.MinecraftServer.pollTaskInternal(MinecraftServer.java:855) ~[server-1.21.1-20240808.144430-srg.jar%23330!/:?]
	at TRANSFORMER/minecraft@1.21.1/net.minecraft.server.MinecraftServer.pollTask(MinecraftServer.java:849) ~[server-1.21.1-20240808.144430-srg.jar%23330!/:?]
	at TRANSFORMER/minecraft@1.21.1/net.minecraft.util.thread.BlockableEventLoop.runAllTasks(BlockableEventLoop.java:111) ~[server-1.21.1-20240808.144430-srg.jar%23330!/:?]
	at TRANSFORMER/minecraft@1.21.1/net.minecraft.server.MinecraftServer.waitUntilNextTick(MinecraftServer.java:825) ~[server-1.21.1-20240808.144430-srg.jar%23330!/:?]
	at TRANSFORMER/minecraft@1.21.1/net.minecraft.server.MinecraftServer.runServer(MinecraftServer.java:712) ~[server-1.21.1-20240808.144430-srg.jar%23330!/:?]
	at TRANSFORMER/minecraft@1.21.1/net.minecraft.server.MinecraftServer.lambda$spin$2(MinecraftServer.java:267) ~[server-1.21.1-20240808.144430-srg.jar%23330!/:?]
	at java.base/java.lang.Thread.run(Thread.java:1583) [?:?]
Caused by: java.lang.ArrayIndexOutOfBoundsException
[23Aug2024 02:25:27.575] [Server thread/ERROR] [net.neoforged.neoforge.network.registration.NetworkRegistry/]: Failed to process a synchronized task of the payload: craftingtweaks:refill_last_crafted
java.util.concurrent.CompletionException: java.lang.ArrayIndexOutOfBoundsException
	at java.base/java.util.concurrent.CompletableFuture.encodeThrowable(CompletableFuture.java:315) ~[?:?]
	at java.base/java.util.concurrent.CompletableFuture.completeThrowable(CompletableFuture.java:320) ~[?:?]
	at java.base/java.util.concurrent.CompletableFuture$AsyncSupply.run(CompletableFuture.java:1770) ~[?:?]
	at TRANSFORMER/minecraft@1.21.1/net.minecraft.server.TickTask.run(TickTask.java:18) ~[server-1.21.1-20240808.144430-srg.jar%23330!/:?]
	at TRANSFORMER/minecraft@1.21.1/net.minecraft.util.thread.BlockableEventLoop.doRunTask(BlockableEventLoop.java:148) ~[server-1.21.1-20240808.144430-srg.jar%23330!/:?]
	at TRANSFORMER/minecraft@1.21.1/net.minecraft.util.thread.ReentrantBlockableEventLoop.doRunTask(ReentrantBlockableEventLoop.java:23) ~[server-1.21.1-20240808.144430-srg.jar%23330!/:?]
	at TRANSFORMER/minecraft@1.21.1/net.minecraft.server.MinecraftServer.doRunTask(MinecraftServer.java:872) ~[server-1.21.1-20240808.144430-srg.jar%23330!/:?]
	at TRANSFORMER/minecraft@1.21.1/net.minecraft.server.MinecraftServer.doRunTask(MinecraftServer.java:170) ~[server-1.21.1-20240808.144430-srg.jar%23330!/:?]
	at TRANSFORMER/minecraft@1.21.1/net.minecraft.util.thread.BlockableEventLoop.pollTask(BlockableEventLoop.java:122) ~[server-1.21.1-20240808.144430-srg.jar%23330!/:?]
	at TRANSFORMER/minecraft@1.21.1/net.minecraft.server.MinecraftServer.pollTaskInternal(MinecraftServer.java:855) ~[server-1.21.1-20240808.144430-srg.jar%23330!/:?]
	at TRANSFORMER/minecraft@1.21.1/net.minecraft.server.MinecraftServer.pollTask(MinecraftServer.java:849) ~[server-1.21.1-20240808.144430-srg.jar%23330!/:?]
	at TRANSFORMER/minecraft@1.21.1/net.minecraft.util.thread.BlockableEventLoop.runAllTasks(BlockableEventLoop.java:111) ~[server-1.21.1-20240808.144430-srg.jar%23330!/:?]
	at TRANSFORMER/minecraft@1.21.1/net.minecraft.server.MinecraftServer.waitUntilNextTick(MinecraftServer.java:825) ~[server-1.21.1-20240808.144430-srg.jar%23330!/:?]
	at TRANSFORMER/minecraft@1.21.1/net.minecraft.server.MinecraftServer.runServer(MinecraftServer.java:712) ~[server-1.21.1-20240808.144430-srg.jar%23330!/:?]
	at TRANSFORMER/minecraft@1.21.1/net.minecraft.server.MinecraftServer.lambda$spin$2(MinecraftServer.java:267) ~[server-1.21.1-20240808.144430-srg.jar%23330!/:?]
	at java.base/java.lang.Thread.run(Thread.java:1583) [?:?]
Caused by: java.lang.ArrayIndexOutOfBoundsException
[23Aug2024 02:25:28.349] [Server thread/WARN] [net.minecraft.server.MinecraftServer/]: Can't keep up! Is the server overloaded? Running 2778ms or 55 ticks behind
[23Aug2024 02:25:46.762] [Server thread/WARN] [net.minecraft.server.MinecraftServer/]: Can't keep up! Is the server overloaded? Running 3441ms or 68 ticks behind
[23Aug2024 02:25:58.477] [Server thread/INFO] [net.minecraft.server.MinecraftServer/]: Nyjl69 has made the advancement [Amateur Archaeologist]
[23Aug2024 02:26:00.709] [Server thread/INFO] [net.minecraft.server.MinecraftServer/]: Nyjl69 has made the advancement [Diamonds!]
[23Aug2024 02:26:03.920] [Server thread/INFO] [net.minecraft.server.MinecraftServer/]: Flavinhoinho has made the advancement [A Terrible Fortress]
[23Aug2024 02:26:05.306] [Server thread/INFO] [net.minecraft.server.MinecraftServer/]: Nyjl69 has made the advancement [A True Source of Evil]
[23Aug2024 02:26:24.353] [Server thread/INFO] [net.minecraft.server.MinecraftServer/]: Nyjl69 has made the advancement [The First Explosion (of many?)]
[23Aug2024 02:26:38.772] [Server thread/WARN] [net.minecraft.server.MinecraftServer/]: Can't keep up! Is the server overloaded? Running 2001ms or 40 ticks behind
[23Aug2024 02:27:06.979] [Server thread/WARN] [net.minecraft.server.MinecraftServer/]: Can't keep up! Is the server overloaded? Running 2008ms or 40 ticks behind
[23Aug2024 02:27:33.722] [Server thread/WARN] [net.minecraft.server.MinecraftServer/]: Can't keep up! Is the server overloaded? Running 2001ms or 40 ticks behind
[23Aug2024 02:27:37.844] [Server thread/INFO] [net.minecraft.server.MinecraftServer/]: XzK1NGzZ has made the advancement [Isn't It Iron Pick]
[23Aug2024 02:28:05.972] [Server thread/WARN] [net.minecraft.server.MinecraftServer/]: Can't keep up! Is the server overloaded? Running 2002ms or 40 ticks behind
[23Aug2024 02:28:26.216] [Server thread/WARN] [net.minecraft.server.MinecraftServer/]: Can't keep up! Is the server overloaded? Running 5245ms or 104 ticks behind
[23Aug2024 02:28:44.311] [Server thread/WARN] [net.minecraft.server.MinecraftServer/]: Can't keep up! Is the server overloaded? Running 3140ms or 62 ticks behind
[23Aug2024 02:29:01.362] [Server thread/WARN] [net.minecraft.server.MinecraftServer/]: Can't keep up! Is the server overloaded? Running 2092ms or 41 ticks behind
[23Aug2024 02:29:02.591] [Server thread/INFO] [net.minecraft.server.MinecraftServer/]: Flavinhoinho tried to swim in lava
[23Aug2024 02:29:18.428] [Server thread/WARN] [net.minecraft.server.MinecraftServer/]: Can't keep up! Is the server overloaded? Running 2007ms or 40 ticks behind
[23Aug2024 02:29:38.022] [Server thread/WARN] [net.minecraft.server.MinecraftServer/]: Can't keep up! Is the server overloaded? Running 2001ms or 40 ticks behind
[23Aug2024 02:29:55.583] [Server thread/WARN] [net.minecraft.server.MinecraftServer/]: Can't keep up! Is the server overloaded? Running 2562ms or 51 ticks behind
[23Aug2024 02:30:04.176] [Server thread/INFO] [net.minecraft.server.MinecraftServer/]: Lenom has made the advancement [Into Fire]
[23Aug2024 02:30:14.136] [Server thread/WARN] [net.minecraft.server.MinecraftServer/]: Can't keep up! Is the server overloaded? Running 3565ms or 71 ticks behind
[23Aug2024 02:30:37.001] [Server thread/WARN] [net.minecraft.server.MinecraftServer/]: Can't keep up! Is the server overloaded? Running 2030ms or 40 ticks behind
[23Aug2024 02:30:51.735] [Server thread/INFO] [net.blay09.mods.netherportalfix.NetherPortalFix/]: No return portal found
[23Aug2024 02:30:56.821] [Server thread/WARN] [net.minecraft.server.MinecraftServer/]: Can't keep up! Is the server overloaded? Running 2051ms or 41 ticks behind
[23Aug2024 02:31:18.299] [Server thread/WARN] [net.minecraft.server.MinecraftServer/]: Can't keep up! Is the server overloaded? Running 2029ms or 40 ticks behind
[23Aug2024 02:31:46.123] [Server thread/WARN] [net.minecraft.server.MinecraftServer/]: Can't keep up! Is the server overloaded? Running 2052ms or 41 ticks behind
[23Aug2024 02:31:47.739] [Server thread/INFO] [net.minecraft.server.MinecraftServer/]: Flavinhoinho withered away
[23Aug2024 02:31:53.953] [Server thread/INFO] [net.minecraft.server.network.ServerGamePacketListenerImpl/]: Flavinhoinho lost connection: Disconnected
[23Aug2024 02:31:53.953] [Server thread/INFO] [net.minecraft.server.MinecraftServer/]: Flavinhoinho left the game
[23Aug2024 02:33:19.019] [Server thread/INFO] [net.minecraft.server.MinecraftServer/]: FelipeGuesser has made the advancement [War Pigs]
[23Aug2024 02:33:25.087] [Server thread/INFO] [net.minecraft.server.MinecraftServer/]: FelipeGuesser has made the advancement [Cover Me with Diamonds]
[23Aug2024 02:33:30.574] [Server thread/INFO] [net.minecraft.server.MinecraftServer/]: Lenom has made the advancement [War Pigs]
[23Aug2024 02:33:33.416] [Server thread/INFO] [net.minecraft.server.MinecraftServer/]: Lenom has made the advancement [Cover Me with Diamonds]
[23Aug2024 02:34:01.159] [Server thread/INFO] [net.minecraft.server.MinecraftServer/]: Nyjl69 was slain by Zombified Piglin
[23Aug2024 02:34:37.843] [Server thread/INFO] [net.blay09.mods.netherportalfix.NetherPortalFix/]: No return portal found
[23Aug2024 02:35:37.408] [Server thread/INFO] [net.minecraft.server.MinecraftServer/]: Nyjl69 was slain by Zombified Piglin
[23Aug2024 02:36:14.868] [Server thread/INFO] [net.blay09.mods.netherportalfix.NetherPortalFix/]: No return portal found
[23Aug2024 02:36:35.514] [Server thread/INFO] [net.blay09.mods.netherportalfix.NetherPortalFix/]: No return portal found
[23Aug2024 02:36:35.524] [Server thread/INFO] [net.minecraft.server.MinecraftServer/]: XzK1NGzZ has made the advancement [We Need to Go Deeper]
[23Aug2024 02:37:26.524] [Server thread/WARN] [net.minecraft.server.network.ServerGamePacketListenerImpl/]: Summoned Polar Bear (vehicle of XzK1NGzZ) moved wrongly! 0.3465456724311018
[23Aug2024 02:39:24.106] [Server thread/INFO] [net.minecraft.server.MinecraftServer/]: FelipeGuesser was shot by Piglin
[23Aug2024 02:41:48.963] [Server thread/INFO] [net.blay09.mods.netherportalfix.NetherPortalFix/]: No return portal found
[23Aug2024 02:41:52.856] [Server thread/INFO] [net.minecraft.server.MinecraftServer/]: Nyjl69 was slain by Zombified Piglin
[23Aug2024 02:43:25.307] [Server thread/INFO] [net.minecraft.server.MinecraftServer/]: XzK1NGzZ has made the advancement [A Terrible Fortress]
[23Aug2024 02:44:15.060] [Server thread/INFO] [net.minecraft.server.MinecraftServer/]: Nyjl69 was doomed to fall by Zombified Piglin
[23Aug2024 02:44:48.715] [Server thread/WARN] [net.minecraft.server.network.ServerGamePacketListenerImpl/]: Summoned Polar Bear (vehicle of XzK1NGzZ) moved wrongly! 0.2729007102494876
[23Aug2024 02:45:08.706] [Server thread/INFO] [net.minecraft.server.MinecraftServer/]: Nyjl69 was slain by Wither Skeleton
[23Aug2024 02:45:34.512] [Server thread/INFO] [net.minecraft.server.MinecraftServer/]: XzK1NGzZ has made the advancement [War Pigs]
[23Aug2024 02:45:35.953] [Server thread/INFO] [net.minecraft.server.MinecraftServer/]: XzK1NGzZ has made the advancement [Cover Me with Diamonds]
[23Aug2024 02:46:52.274] [Server thread/INFO] [net.minecraft.server.MinecraftServer/]: FelipeGuesser tried to swim in lava
[23Aug2024 02:46:58.664] [Server thread/INFO] [net.minecraft.server.MinecraftServer/]: Nyjl69 fell from a high place
[23Aug2024 02:47:40.268] [Server thread/INFO] [net.minecraft.server.MinecraftServer/]: XzK1NGzZ has made the advancement [Totally Tubular Transfer]
[23Aug2024 02:48:54.061] [Server thread/INFO] [net.minecraft.server.MinecraftServer/]: Nyjl69 withered away while fighting Wither Skeleton
[23Aug2024 02:50:22.108] [Server thread/INFO] [net.blay09.mods.netherportalfix.NetherPortalFix/]: No return portal found
[23Aug2024 02:52:39.207] [Server thread/INFO] [net.minecraft.server.MinecraftServer/]: Nyjl69 has made the advancement [War Pigs]
[23Aug2024 02:52:40.921] [Server thread/INFO] [net.minecraft.server.MinecraftServer/]: Nyjl69 has made the advancement [Cover Me with Diamonds]
[23Aug2024 02:54:26.701] [Server thread/INFO] [net.minecraft.server.MinecraftServer/]: Nego_Plays has made the advancement [Needs More Speeeeed!]
[23Aug2024 02:54:29.785] [Server thread/INFO] [net.minecraft.server.MinecraftServer/]: XzK1NGzZ has made the advancement [Take Aim]
[23Aug2024 02:55:54.224] [Server thread/WARN] [net.minecraft.server.level.ServerPlayerGameMode/]: Mismatch in destroy block pos: BlockPos{x=-57, y=61, z=-61} BlockPos{x=-57, y=60, z=-64}
[23Aug2024 02:57:33.608] [Server thread/INFO] [net.minecraft.server.MinecraftServer/]: Nyjl69 fell from a high place
[23Aug2024 02:57:41.857] [Server thread/INFO] [cy.jdkdigital.trophymanager.TrophyManager/]: useWithoutItem
[23Aug2024 02:57:48.912] [Server thread/INFO] [cy.jdkdigital.trophymanager.TrophyManager/]: useWithoutItem
[23Aug2024 02:58:43.551] [Server thread/INFO] [net.minecraft.server.MinecraftServer/]: Nyjl69 was slain by Magma Cube
[23Aug2024 02:59:45.602] [Server thread/INFO] [net.minecraft.server.MinecraftServer/]: Nyjl69 tried to swim in lava to escape Magma Cube
[23Aug2024 03:00:03.589] [Server thread/INFO] [net.minecraft.server.MinecraftServer/]: XzK1NGzZ has made the advancement [Needs More Speeeeed!]
[23Aug2024 03:00:37.905] [Server thread/INFO] [net.minecraft.server.MinecraftServer/]: FelipeGuesser has made the advancement [Into Fire]
[23Aug2024 03:03:24.855] [Server thread/INFO] [net.minecraft.server.MinecraftServer/]: Nyjl69 withered away
[23Aug2024 03:03:54.414] [Server thread/WARN] [net.minecraft.server.level.ServerPlayerGameMode/]: Mismatch in destroy block pos: BlockPos{x=-31, y=19, z=-24} BlockPos{x=-31, y=20, z=-25}
[23Aug2024 03:03:54.465] [Server thread/WARN] [net.minecraft.server.level.ServerPlayerGameMode/]: Mismatch in destroy block pos: BlockPos{x=-31, y=19, z=-24} BlockPos{x=-31, y=20, z=-25}
[23Aug2024 03:03:54.514] [Server thread/WARN] [net.minecraft.server.level.ServerPlayerGameMode/]: Mismatch in destroy block pos: BlockPos{x=-31, y=19, z=-24} BlockPos{x=-31, y=20, z=-25}
[23Aug2024 03:03:54.564] [Server thread/WARN] [net.minecraft.server.level.ServerPlayerGameMode/]: Mismatch in destroy block pos: BlockPos{x=-31, y=19, z=-24} BlockPos{x=-31, y=20, z=-25}
[23Aug2024 03:03:55.812] [Server thread/WARN] [net.minecraft.server.level.ServerPlayerGameMode/]: Mismatch in destroy block pos: BlockPos{x=-31, y=19, z=-24} BlockPos{x=-31, y=17, z=-23}
[23Aug2024 03:04:53.706] [Server thread/INFO] [net.minecraft.server.MinecraftServer/]: Nyjl69 burned to death
[23Aug2024 03:04:54.304] [Server thread/INFO] [net.minecraft.server.MinecraftServer/]: Nego_Plays has made the advancement [Building up the Pressure!]
[23Aug2024 03:06:14.358] [Server thread/INFO] [net.minecraft.server.MinecraftServer/]: FelipeGuesser has made the advancement [Local Brewery]
[23Aug2024 03:06:24.162] [Server thread/WARN] [net.minecraft.server.level.ServerPlayerGameMode/]: Mismatch in destroy block pos: BlockPos{x=-31, y=53, z=-55} BlockPos{x=-31, y=52, z=-54}
[23Aug2024 03:06:24.213] [Server thread/WARN] [net.minecraft.server.level.ServerPlayerGameMode/]: Mismatch in destroy block pos: BlockPos{x=-31, y=53, z=-55} BlockPos{x=-31, y=52, z=-54}
[23Aug2024 03:06:26.370] [Server thread/WARN] [net.minecraft.server.level.ServerPlayerGameMode/]: Mismatch in destroy block pos: BlockPos{x=-31, y=46, z=-48} BlockPos{x=-31, y=45, z=-47}
[23Aug2024 03:06:26.458] [Server thread/WARN] [net.minecraft.server.level.ServerPlayerGameMode/]: Mismatch in destroy block pos: BlockPos{x=-31, y=44, z=-46} BlockPos{x=-31, y=45, z=-47}
[23Aug2024 03:06:27.015] [Server thread/WARN] [net.minecraft.server.level.ServerPlayerGameMode/]: Mismatch in destroy block pos: BlockPos{x=-31, y=44, z=-46} BlockPos{x=-31, y=41, z=-43}
[23Aug2024 03:06:33.166] [Server thread/WARN] [net.minecraft.server.level.ServerPlayerGameMode/]: Mismatch in destroy block pos: BlockPos{x=-31, y=25, z=-27} BlockPos{x=-31, y=22, z=-24}
[23Aug2024 03:07:26.963] [Server thread/WARN] [net.minecraft.server.level.ServerPlayerGameMode/]: Mismatch in destroy block pos: BlockPos{x=-11, y=1, z=-43} BlockPos{x=-12, y=2, z=-43}
[23Aug2024 03:07:27.013] [Server thread/WARN] [net.minecraft.server.level.ServerPlayerGameMode/]: Mismatch in destroy block pos: BlockPos{x=-11, y=1, z=-43} BlockPos{x=-12, y=2, z=-43}
[23Aug2024 03:07:27.063] [Server thread/WARN] [net.minecraft.server.level.ServerPlayerGameMode/]: Mismatch in destroy block pos: BlockPos{x=-11, y=1, z=-43} BlockPos{x=-12, y=2, z=-43}
[23Aug2024 03:07:27.113] [Server thread/WARN] [net.minecraft.server.level.ServerPlayerGameMode/]: Mismatch in destroy block pos: BlockPos{x=-11, y=1, z=-43} BlockPos{x=-12, y=2, z=-43}
[23Aug2024 03:07:28.112] [Server thread/WARN] [net.minecraft.server.level.ServerPlayerGameMode/]: Mismatch in destroy block pos: BlockPos{x=-10, y=0, z=-44} BlockPos{x=-9, y=0, z=-43}
[23Aug2024 03:07:40.561] [Server thread/WARN] [net.minecraft.server.level.ServerPlayerGameMode/]: Mismatch in destroy block pos: BlockPos{x=-6, y=-3, z=-44} BlockPos{x=-7, y=-3, z=-44}
[23Aug2024 03:07:40.612] [Server thread/WARN] [net.minecraft.server.level.ServerPlayerGameMode/]: Mismatch in destroy block pos: BlockPos{x=-6, y=-3, z=-44} BlockPos{x=-7, y=-3, z=-44}
[23Aug2024 03:07:44.115] [Server thread/WARN] [net.minecraft.server.level.ServerPlayerGameMode/]: Mismatch in destroy block pos: BlockPos{x=-3, y=-5, z=-43} BlockPos{x=-3, y=-6, z=-43}
[23Aug2024 03:07:44.165] [Server thread/WARN] [net.minecraft.server.level.ServerPlayerGameMode/]: Mismatch in destroy block pos: BlockPos{x=-3, y=-5, z=-43} BlockPos{x=-3, y=-6, z=-43}
[23Aug2024 03:07:45.764] [Server thread/WARN] [net.minecraft.server.level.ServerPlayerGameMode/]: Mismatch in destroy block pos: BlockPos{x=-2, y=-6, z=-44} BlockPos{x=-2, y=-8, z=-44}
[23Aug2024 03:07:45.814] [Server thread/WARN] [net.minecraft.server.level.ServerPlayerGameMode/]: Mismatch in destroy block pos: BlockPos{x=-2, y=-6, z=-44} BlockPos{x=-2, y=-8, z=-44}
[23Aug2024 03:07:48.813] [Server thread/INFO] [net.minecraft.server.MinecraftServer/]: FelipeGuesser has made the advancement [Needs More Speeeeed!]
[23Aug2024 03:07:52.112] [Server thread/WARN] [net.minecraft.server.level.ServerPlayerGameMode/]: Mismatch in destroy block pos: BlockPos{x=1, y=-10, z=-43} BlockPos{x=0, y=-8, z=-44}
[23Aug2024 03:07:52.162] [Server thread/WARN] [net.minecraft.server.level.ServerPlayerGameMode/]: Mismatch in destroy block pos: BlockPos{x=1, y=-10, z=-43} BlockPos{x=0, y=-8, z=-44}
[23Aug2024 03:07:52.212] [Server thread/WARN] [net.minecraft.server.level.ServerPlayerGameMode/]: Mismatch in destroy block pos: BlockPos{x=1, y=-10, z=-43} BlockPos{x=0, y=-8, z=-44}
[23Aug2024 03:08:04.154] [Server thread/INFO] [net.minecraft.server.MinecraftServer/]: Lenom has made the advancement [Needs More Speeeeed!]
[23Aug2024 03:08:36.855] [Server thread/INFO] [net.minecraft.server.MinecraftServer/]: vitormp20 has made the advancement [Needs More Speeeeed!]
[23Aug2024 03:08:56.715] [Server thread/WARN] [net.minecraft.server.level.ServerPlayerGameMode/]: Mismatch in destroy block pos: BlockPos{x=1, y=-17, z=-68} BlockPos{x=2, y=-17, z=-68}
[23Aug2024 03:08:56.765] [Server thread/WARN] [net.minecraft.server.level.ServerPlayerGameMode/]: Mismatch in destroy block pos: BlockPos{x=1, y=-17, z=-68} BlockPos{x=2, y=-17, z=-68}
[23Aug2024 03:08:56.814] [Server thread/WARN] [net.minecraft.server.level.ServerPlayerGameMode/]: Mismatch in destroy block pos: BlockPos{x=1, y=-17, z=-68} BlockPos{x=2, y=-17, z=-68}
[23Aug2024 03:09:02.963] [Server thread/WARN] [net.minecraft.server.level.ServerPlayerGameMode/]: Mismatch in destroy block pos: BlockPos{x=-4, y=-22, z=-68} BlockPos{x=-3, y=-22, z=-68}
[23Aug2024 03:09:03.013] [Server thread/WARN] [net.minecraft.server.level.ServerPlayerGameMode/]: Mismatch in destroy block pos: BlockPos{x=-4, y=-22, z=-68} BlockPos{x=-3, y=-22, z=-68}
[23Aug2024 03:10:38.505] [Server thread/INFO] [net.minecraft.server.MinecraftServer/]: XzK1NGzZ has made the advancement [Diamonds!]
[23Aug2024 03:11:56.117] [Server thread/WARN] [net.minecraft.server.level.ServerPlayerGameMode/]: Mismatch in destroy block pos: BlockPos{x=2, y=-9, z=-43} BlockPos{x=1, y=-8, z=-43}
[23Aug2024 03:11:56.164] [Server thread/WARN] [net.minecraft.server.level.ServerPlayerGameMode/]: Mismatch in destroy block pos: BlockPos{x=2, y=-9, z=-43} BlockPos{x=1, y=-8, z=-43}
[23Aug2024 03:12:13.645] [Server thread/INFO] [net.minecraft.server.MinecraftServer/]: Nyjl69 has made the advancement [Needs More Speeeeed!]
[23Aug2024 03:14:36.964] [Server thread/INFO] [net.minecraft.server.MinecraftServer/]: XzK1NGzZ has made the advancement [A Seedy Place]
[23Aug2024 03:14:46.614] [Server thread/INFO] [net.minecraft.server.MinecraftServer/]: Lenom has completed the challenge [Learn to Fart]
[23Aug2024 03:15:09.930] [Netty Epoll Server IO #8/ERROR] [net.minecraft.network.Connection/]: Exception caught in connection
io.netty.channel.unix.Errors$NativeIoException: recvAddress(..) failed: Connection reset by peer
[23Aug2024 03:15:09.952] [Server thread/INFO] [net.minecraft.server.network.ServerGamePacketListenerImpl/]: XzK1NGzZ lost connection: Disconnected
[23Aug2024 03:15:09.952] [Server thread/INFO] [net.minecraft.server.MinecraftServer/]: XzK1NGzZ left the game
[23Aug2024 03:16:27.653] [Server thread/WARN] [net.minecraft.server.level.ServerPlayerGameMode/]: Mismatch in destroy block pos: BlockPos{x=-15, y=59, z=87} BlockPos{x=-16, y=58, z=86}
[23Aug2024 03:17:24.018] [Server thread/INFO] [net.minecraft.server.MinecraftServer/]: Nyjl69 has completed the challenge [Learn to Fart]
[23Aug2024 03:20:45.998] [Server thread/INFO] [net.minecraft.server.MinecraftServer/]: Nyjl69 was slain by Piglin Brute
[23Aug2024 03:22:08.510] [Server thread/INFO] [net.minecraft.server.MinecraftServer/]: vitormp20 has made the advancement [Stone Age]
[23Aug2024 03:22:14.606] [Server thread/INFO] [net.minecraft.server.MinecraftServer/]: Nyjl69 has made the advancement [Not Today, Thank You]
[23Aug2024 03:22:15.958] [Server thread/INFO] [net.minecraft.server.MinecraftServer/]: Nyjl69 was burned to a crisp while fighting Blaze
[23Aug2024 03:28:59.249] [Server thread/INFO] [net.minecraft.server.MinecraftServer/]: Nyjl69 has completed the challenge [Cannibal]
[23Aug2024 03:30:31.111] [Server thread/INFO] [net.minecraft.server.MinecraftServer/]: Nego_Plays has reached the goal [Pick and Place]
[23Aug2024 03:31:42.704] [Server thread/INFO] [net.minecraft.server.MinecraftServer/]: FelipeGuesser has made the advancement [Amateur Archaeologist]
[23Aug2024 03:34:11.899] [Server thread/INFO] [net.minecraft.server.network.ServerGamePacketListenerImpl/]: Nego_Plays lost connection: Disconnected
[23Aug2024 03:34:11.899] [Server thread/INFO] [net.minecraft.server.MinecraftServer/]: Nego_Plays left the game
[23Aug2024 03:37:15.149] [Server thread/INFO] [net.minecraft.server.MinecraftServer/]: FelipeGuesser tried to swim in lava
[23Aug2024 03:39:19.002] [Server thread/INFO] [net.minecraft.server.MinecraftServer/]: Nyjl69 has made the advancement [Spooky Scary Skeleton]
[23Aug2024 03:42:20.966] [Server thread/INFO] [net.minecraft.server.MinecraftServer/]: Nyjl69 has made the advancement [Crops of the Wild]
[23Aug2024 03:43:12.037] [Server thread/INFO] [cy.jdkdigital.trophymanager.TrophyManager/]: useWithoutItem
[23Aug2024 03:43:16.213] [Server thread/INFO] [cy.jdkdigital.trophymanager.TrophyManager/]: useWithoutItem
[23Aug2024 03:43:16.240] [Server thread/ERROR] [net.minecraft.world.item.ItemStack/]: Tried to load invalid item: 'No key id in MapLike[{}]'
[23Aug2024 03:43:16.240] [Server thread/ERROR] [net.minecraft.world.item.ItemStack/]: Tried to load invalid item: 'No key id in MapLike[{}]'
[23Aug2024 03:43:24.608] [Server thread/INFO] [cy.jdkdigital.trophymanager.TrophyManager/]: useWithoutItem
[23Aug2024 03:43:24.608] [Server thread/ERROR] [net.minecraft.world.item.ItemStack/]: Tried to load invalid item: 'No key id in MapLike[{}]'
[23Aug2024 03:43:24.608] [Server thread/ERROR] [net.minecraft.world.item.ItemStack/]: Tried to load invalid item: 'No key id in MapLike[{}]'
[23Aug2024 03:43:27.709] [Server thread/INFO] [cy.jdkdigital.trophymanager.TrophyManager/]: useWithoutItem
[23Aug2024 03:43:27.710] [Server thread/ERROR] [net.minecraft.world.item.ItemStack/]: Tried to load invalid item: 'No key id in MapLike[{}]'
[23Aug2024 03:43:27.710] [Server thread/ERROR] [net.minecraft.world.item.ItemStack/]: Tried to load invalid item: 'No key id in MapLike[{}]'
[23Aug2024 03:49:57.271] [Server thread/INFO] [net.minecraft.server.MinecraftServer/]: Nyjl69 has made the advancement [Best Friends Forever]
[23Aug2024 03:50:06.755] [Server thread/INFO] [net.minecraft.server.MinecraftServer/]: Lenom has made the advancement [Spooky Scary Skeleton]
[23Aug2024 03:51:14.852] [Server thread/INFO] [net.minecraft.server.MinecraftServer/]: Nyjl69 has made the advancement [An Extra Seedy Place]
[23Aug2024 03:51:39.599] [Server thread/INFO] [net.minecraft.server.MinecraftServer/]: Lenom has made the advancement [Unknown Technology]
[23Aug2024 03:52:24.499] [Server thread/WARN] [net.minecraft.server.level.ServerPlayerGameMode/]: Mismatch in destroy block pos: BlockPos{x=-164, y=57, z=312} BlockPos{x=-184, y=59, z=311}
[23Aug2024 03:54:44.500] [Server thread/INFO] [net.minecraft.server.MinecraftServer/]: FelipeGuesser has made the advancement [Unknown Technology]
[23Aug2024 04:03:35.954] [Server thread/WARN] [net.minecraft.server.level.ServerPlayerGameMode/]: Mismatch in destroy block pos: BlockPos{x=-955, y=70, z=-87} BlockPos{x=-954, y=69, z=-90}
[23Aug2024 04:04:06.816] [Worker-Main-20/ERROR] [net.minecraft.world.item.ItemStack/]: Tried to load invalid item: 'Item must not be minecraft:air'
[23Aug2024 04:04:10.967] [Worker-Main-19/ERROR] [net.minecraft.world.item.ItemStack/]: Tried to load invalid item: 'Item must not be minecraft:air'
[23Aug2024 04:04:10.967] [Worker-Main-19/ERROR] [net.minecraft.world.item.ItemStack/]: Tried to load invalid item: 'Item must not be minecraft:air'
[23Aug2024 04:04:10.967] [Worker-Main-19/ERROR] [net.minecraft.world.item.ItemStack/]: Tried to load invalid item: 'Item must not be minecraft:air'
[23Aug2024 04:07:12.106] [Server thread/INFO] [net.minecraft.server.MinecraftServer/]: Nyjl69 has made the advancement [Ol' Betsy]
[23Aug2024 04:07:38.165] [Server thread/INFO] [net.minecraft.server.MinecraftServer/]: vitormp20 has made the advancement [First Age]
[23Aug2024 04:07:52.342] [Worker-Main-20/ERROR] [net.minecraft.world.item.ItemStack/]: Tried to load invalid item: 'Item must not be minecraft:air'
[23Aug2024 04:07:52.342] [Worker-Main-20/ERROR] [net.minecraft.world.item.ItemStack/]: Tried to load invalid item: 'Item must not be minecraft:air'
[23Aug2024 04:07:52.342] [Worker-Main-20/ERROR] [net.minecraft.world.item.ItemStack/]: Tried to load invalid item: 'Item must not be minecraft:air'
[23Aug2024 04:08:00.404] [Server thread/INFO] [net.minecraft.server.MinecraftServer/]: FelipeGuesser has made the advancement [Take Aim]
[23Aug2024 04:08:10.961] [Server thread/INFO] [net.minecraft.server.MinecraftServer/]: Nyjl69 has made the advancement [Take Aim]
[23Aug2024 04:11:44.459] [Server thread/INFO] [net.minecraft.server.MinecraftServer/]: vitormp20 has made the advancement [Infusing Efficiency]
[23Aug2024 04:13:08.794] [Server thread/INFO] [net.minecraft.world.entity.npc.Villager/]: Villager Villager['Unemployed'/192101, l='ServerLevel[world]', x=-839.70, y=62.48, z=-708.70] died, message: 'Unemployed was slain by Zombie'
[23Aug2024 04:14:47.146] [Server thread/INFO] [net.minecraft.world.entity.npc.Villager/]: Villager Villager['Unemployed'/192048, l='ServerLevel[world]', x=-803.60, y=78.00, z=-662.35] died, message: 'Unemployed was slain by Zombie'
[23Aug2024 04:15:34.486] [Server thread/WARN] [net.minecraft.server.level.ServerPlayerGameMode/]: Mismatch in destroy block pos: BlockPos{x=-815, y=66, z=-716} BlockPos{x=-800, y=63, z=-708}
[23Aug2024 04:16:35.088] [Server thread/INFO] [net.minecraft.server.MinecraftServer/]: vitormp20 has made the advancement [Getting an Upgrade]
[23Aug2024 04:16:35.308] [Server thread/INFO] [net.minecraft.server.MinecraftServer/]: vitormp20 has made the advancement [Totally Tubular Transfer]
[23Aug2024 04:20:15.689] [Server thread/WARN] [net.minecraft.server.MinecraftServer/]: Can't keep up! Is the server overloaded? Running 2018ms or 40 ticks behind
[23Aug2024 04:20:34.577] [Server thread/WARN] [net.minecraft.server.MinecraftServer/]: Can't keep up! Is the server overloaded? Running 2006ms or 40 ticks behind
[23Aug2024 04:20:51.904] [Server thread/WARN] [net.minecraft.server.MinecraftServer/]: Can't keep up! Is the server overloaded? Running 2333ms or 46 ticks behind
[23Aug2024 04:21:09.124] [Server thread/WARN] [net.minecraft.server.MinecraftServer/]: Can't keep up! Is the server overloaded? Running 2253ms or 45 ticks behind
[23Aug2024 04:21:23.957] [Worker-Main-21/ERROR] [net.minecraft.world.item.ItemStack/]: Tried to load invalid item: 'Item must not be minecraft:air'
[23Aug2024 04:21:23.958] [Worker-Main-21/ERROR] [net.minecraft.world.item.ItemStack/]: Tried to load invalid item: 'Item must not be minecraft:air'
[23Aug2024 04:21:23.958] [Worker-Main-21/ERROR] [net.minecraft.world.item.ItemStack/]: Tried to load invalid item: 'Item must not be minecraft:air'
[23Aug2024 04:21:26.796] [Server thread/WARN] [net.minecraft.server.MinecraftServer/]: Can't keep up! Is the server overloaded? Running 2676ms or 53 ticks behind
[23Aug2024 04:21:44.904] [Server thread/WARN] [net.minecraft.server.MinecraftServer/]: Can't keep up! Is the server overloaded? Running 3133ms or 62 ticks behind
[23Aug2024 04:22:04.198] [Server thread/WARN] [net.minecraft.server.MinecraftServer/]: Can't keep up! Is the server overloaded? Running 4327ms or 86 ticks behind
[23Aug2024 04:22:22.606] [Server thread/WARN] [net.minecraft.server.MinecraftServer/]: Can't keep up! Is the server overloaded? Running 3435ms or 68 ticks behind
[23Aug2024 04:22:43.269] [Server thread/WARN] [net.minecraft.server.MinecraftServer/]: Can't keep up! Is the server overloaded? Running 5698ms or 113 ticks behind
[23Aug2024 04:22:58.687] [Server thread/INFO] [net.minecraft.server.MinecraftServer/]: vitormp20 has made the advancement [Into Fire]
[23Aug2024 04:23:06.499] [Server thread/WARN] [net.minecraft.server.MinecraftServer/]: Can't keep up! Is the server overloaded? Running 8278ms or 165 ticks behind
[23Aug2024 04:23:29.347] [Server thread/WARN] [net.minecraft.server.MinecraftServer/]: Can't keep up! Is the server overloaded? Running 7877ms or 157 ticks behind
[23Aug2024 04:23:51.600] [Server thread/WARN] [net.minecraft.server.MinecraftServer/]: Can't keep up! Is the server overloaded? Running 7280ms or 145 ticks behind
[23Aug2024 04:24:14.055] [Server thread/WARN] [net.minecraft.server.MinecraftServer/]: Can't keep up! Is the server overloaded? Running 7484ms or 149 ticks behind
[23Aug2024 04:24:37.054] [Server thread/WARN] [net.minecraft.server.MinecraftServer/]: Can't keep up! Is the server overloaded? Running 8033ms or 160 ticks behind
[23Aug2024 04:25:02.290] [Server thread/WARN] [net.minecraft.server.MinecraftServer/]: Can't keep up! Is the server overloaded? Running 10269ms or 205 ticks behind
[23Aug2024 04:25:24.951] [Server thread/WARN] [net.minecraft.server.MinecraftServer/]: Can't keep up! Is the server overloaded? Running 7680ms or 153 ticks behind
[23Aug2024 04:25:46.738] [Server thread/WARN] [net.minecraft.server.MinecraftServer/]: Can't keep up! Is the server overloaded? Running 6818ms or 136 ticks behind
[23Aug2024 04:26:08.814] [Server thread/WARN] [net.minecraft.server.MinecraftServer/]: Can't keep up! Is the server overloaded? Running 7093ms or 141 ticks behind
[23Aug2024 04:26:31.676] [Server thread/WARN] [net.minecraft.server.MinecraftServer/]: Can't keep up! Is the server overloaded? Running 7905ms or 158 ticks behind
[23Aug2024 04:26:55.956] [Server thread/WARN] [net.minecraft.server.MinecraftServer/]: Can't keep up! Is the server overloaded? Running 9285ms or 185 ticks behind
[23Aug2024 04:27:19.228] [Server thread/WARN] [net.minecraft.server.MinecraftServer/]: Can't keep up! Is the server overloaded? Running 8307ms or 166 ticks behind
[23Aug2024 04:27:39.561] [Server thread/WARN] [net.minecraft.server.MinecraftServer/]: Can't keep up! Is the server overloaded? Running 5340ms or 106 ticks behind
[23Aug2024 04:27:58.195] [Server thread/WARN] [net.minecraft.server.MinecraftServer/]: Can't keep up! Is the server overloaded? Running 3675ms or 73 ticks behind
[23Aug2024 04:28:16.015] [Server thread/WARN] [net.minecraft.server.MinecraftServer/]: Can't keep up! Is the server overloaded? Running 2844ms or 56 ticks behind
[23Aug2024 04:28:33.962] [Server thread/WARN] [net.minecraft.server.MinecraftServer/]: Can't keep up! Is the server overloaded? Running 2991ms or 59 ticks behind
[23Aug2024 04:28:51.661] [Server thread/WARN] [net.minecraft.server.MinecraftServer/]: Can't keep up! Is the server overloaded? Running 2740ms or 54 ticks behind
[23Aug2024 04:29:09.414] [Server thread/WARN] [net.minecraft.server.MinecraftServer/]: Can't keep up! Is the server overloaded? Running 2793ms or 55 ticks behind
[23Aug2024 04:29:27.521] [Server thread/WARN] [net.minecraft.server.MinecraftServer/]: Can't keep up! Is the server overloaded? Running 3151ms or 63 ticks behind
[23Aug2024 04:29:45.331] [Server thread/WARN] [net.minecraft.server.MinecraftServer/]: Can't keep up! Is the server overloaded? Running 2810ms or 56 ticks behind
[23Aug2024 04:30:03.177] [Server thread/WARN] [net.minecraft.server.MinecraftServer/]: Can't keep up! Is the server overloaded? Running 2856ms or 57 ticks behind
[23Aug2024 04:30:20.264] [Server thread/WARN] [net.minecraft.server.MinecraftServer/]: Can't keep up! Is the server overloaded? Running 2093ms or 41 ticks behind
[23Aug2024 04:30:38.033] [Server thread/WARN] [net.minecraft.server.MinecraftServer/]: Can't keep up! Is the server overloaded? Running 2812ms or 56 ticks behind
[23Aug2024 04:30:55.768] [Server thread/WARN] [net.minecraft.server.MinecraftServer/]: Can't keep up! Is the server overloaded? Running 2747ms or 54 ticks behind
[23Aug2024 04:31:12.814] [Server thread/WARN] [net.minecraft.server.MinecraftServer/]: Can't keep up! Is the server overloaded? Running 2093ms or 41 ticks behind
[23Aug2024 04:31:30.581] [Server thread/WARN] [net.minecraft.server.MinecraftServer/]: Can't keep up! Is the server overloaded? Running 2810ms or 56 ticks behind
[23Aug2024 04:31:47.833] [Server thread/WARN] [net.minecraft.server.MinecraftServer/]: Can't keep up! Is the server overloaded? Running 2262ms or 45 ticks behind
[23Aug2024 04:32:04.916] [Server thread/WARN] [net.minecraft.server.MinecraftServer/]: Can't keep up! Is the server overloaded? Running 2095ms or 41 ticks behind
[23Aug2024 04:32:22.794] [Server thread/WARN] [net.minecraft.server.MinecraftServer/]: Can't keep up! Is the server overloaded? Running 2923ms or 58 ticks behind
[23Aug2024 04:32:40.191] [Server thread/WARN] [net.minecraft.server.MinecraftServer/]: Can't keep up! Is the server overloaded? Running 2420ms or 48 ticks behind
[23Aug2024 04:32:58.164] [Server thread/WARN] [net.minecraft.server.MinecraftServer/]: Can't keep up! Is the server overloaded? Running 2993ms or 59 ticks behind
[23Aug2024 04:33:15.930] [Server thread/WARN] [net.minecraft.server.MinecraftServer/]: Can't keep up! Is the server overloaded? Running 2009ms or 40 ticks behind
[23Aug2024 04:36:25.460] [Server thread/INFO] [net.minecraft.world.entity.npc.Villager/]: Villager Villager['Butcher'/198936, l='ServerLevel[world]', x=-386.70, y=73.00, z=-882.50] died, message: 'Butcher was slain by Zombie'
[23Aug2024 04:36:31.603] [Server thread/INFO] [net.minecraft.world.entity.npc.Villager/]: Villager Villager['Cartographer'/198477, l='ServerLevel[world]', x=-387.95, y=73.50, z=-882.49] died, message: 'Cartographer was slain by Zombie'
[23Aug2024 04:36:53.400] [Server thread/INFO] [net.minecraft.world.entity.npc.Villager/]: Villager Villager['Farmer'/198817, l='ServerLevel[world]', x=-385.51, y=73.50, z=-882.70] died, message: 'Farmer was slain by Zombie'
[23Aug2024 04:36:54.914] [Server thread/INFO] [net.minecraft.server.MinecraftServer/]: FelipeGuesser was slain by Cave Spider
[23Aug2024 04:37:40.923] [Server thread/INFO] [net.minecraft.server.MinecraftServer/]: vitormp20 has made the advancement [Building up the Pressure!]
[23Aug2024 04:38:31.700] [Server thread/INFO] [net.minecraft.server.MinecraftServer/]: vitormp20 has made the advancement [Unknown Technology]
[23Aug2024 04:39:12.898] [Server thread/INFO] [net.minecraft.world.entity.npc.Villager/]: Villager Villager['Mason'/198493, l='ServerLevel[world]', x=-385.05, y=73.92, z=-882.50] died, message: 'Mason was slain by Zombie'
[23Aug2024 04:39:42.023] [Server thread/INFO] [net.minecraft.server.MinecraftServer/]: vitormp20 has made the advancement [Hot Stuff]
[23Aug2024 04:39:43.412] [Server thread/INFO] [net.minecraft.server.MinecraftServer/]: Lenom has made the advancement [First Age]
[23Aug2024 04:40:39.971] [Server thread/WARN] [net.minecraft.server.MinecraftServer/]: Can't keep up! Is the server overloaded? Running 2050ms or 41 ticks behind
[23Aug2024 04:41:10.542] [Server thread/INFO] [net.minecraft.world.entity.npc.Villager/]: Villager Villager['Nitwit'/198479, l='ServerLevel[world]', x=-387.95, y=73.50, z=-882.46] died, message: 'Nitwit was slain by Zombie'
[23Aug2024 04:42:08.460] [Server thread/INFO] [net.minecraft.server.MinecraftServer/]: vitormp20 has made the advancement [Spooky Scary Skeleton]
[23Aug2024 04:42:34.109] [Server thread/INFO] [net.minecraft.server.MinecraftServer/]: vitormp20 has made the advancement [Tricking a Rock Into Thinking]
[23Aug2024 04:42:40.660] [Server thread/INFO] [net.minecraft.server.MinecraftServer/]: vitormp20 has made the advancement [The Alloy That Started it All]
[23Aug2024 04:43:17.821] [Server thread/WARN] [net.minecraft.server.MinecraftServer/]: Can't keep up! Is the server overloaded? Running 2000ms or 40 ticks behind
[23Aug2024 04:43:37.826] [Server thread/WARN] [net.minecraft.server.MinecraftServer/]: Can't keep up! Is the server overloaded? Running 5005ms or 100 ticks behind
[23Aug2024 04:43:58.416] [Server thread/WARN] [net.minecraft.server.MinecraftServer/]: Can't keep up! Is the server overloaded? Running 5595ms or 111 ticks behind
[23Aug2024 04:44:18.025] [Server thread/WARN] [net.minecraft.server.MinecraftServer/]: Can't keep up! Is the server overloaded? Running 4654ms or 93 ticks behind
[23Aug2024 04:44:35.773] [Server thread/WARN] [net.minecraft.server.MinecraftServer/]: Can't keep up! Is the server overloaded? Running 2752ms or 55 ticks behind
[23Aug2024 04:44:53.499] [Server thread/WARN] [net.minecraft.server.MinecraftServer/]: Can't keep up! Is the server overloaded? Running 2728ms or 54 ticks behind
[23Aug2024 04:45:11.273] [Server thread/WARN] [net.minecraft.server.MinecraftServer/]: Can't keep up! Is the server overloaded? Running 2802ms or 56 ticks behind
[23Aug2024 04:45:29.219] [Server thread/WARN] [net.minecraft.server.MinecraftServer/]: Can't keep up! Is the server overloaded? Running 2948ms or 58 ticks behind
[23Aug2024 04:45:46.916] [Server thread/WARN] [net.minecraft.server.MinecraftServer/]: Can't keep up! Is the server overloaded? Running 2745ms or 54 ticks behind
[23Aug2024 04:50:13.444] [Server thread/INFO] [net.minecraft.server.network.ServerGamePacketListenerImpl/]: Lenom lost connection: Disconnected
[23Aug2024 04:50:13.445] [Server thread/INFO] [net.minecraft.server.MinecraftServer/]: Lenom left the game
[23Aug2024 04:53:08.617] [Server thread/INFO] [net.minecraft.server.MinecraftServer/]: FelipeGuesser has made the advancement [Tricking a Rock Into Thinking]
[23Aug2024 04:54:09.783] [Server thread/INFO] [net.minecraft.server.network.ServerGamePacketListenerImpl/]: FelipeGuesser lost connection: Disconnected
[23Aug2024 04:54:09.783] [Server thread/INFO] [net.minecraft.server.MinecraftServer/]: FelipeGuesser left the game
[23Aug2024 04:54:13.384] [Server thread/INFO] [net.minecraft.server.network.ServerGamePacketListenerImpl/]: vitormp20 lost connection: Disconnected
[23Aug2024 04:54:13.384] [Server thread/INFO] [net.minecraft.server.MinecraftServer/]: vitormp20 left the game
[23Aug2024 04:54:42.493] [Server thread/INFO] [net.minecraft.server.MinecraftServer/]: Nyjl69 has made the advancement [Sweet Dreams]
[23Aug2024 04:55:20.936] [Server thread/INFO] [net.minecraft.server.network.ServerGamePacketListenerImpl/]: Nyjl69 lost connection: Disconnected
[23Aug2024 04:55:20.937] [Server thread/INFO] [net.minecraft.server.MinecraftServer/]: Nyjl69 left the game
